2022-12-09 14:23:47,798 [INFO] Activator:177 - 


2022-12-09 14:23:47,798 [INFO] Activator:178 - !SESSION log4j initialized
2022-12-09 14:23:57,845 [INFO] McuFinderGlobals:44 - Set McuFinder mode to 2 (CubeIDE integrated)
2022-12-09 14:23:57,980 [INFO] ApplicationProperties:181 - Using Application install path: C:\ST\STM32CubeIDE_1.10.1\STM32CubeIDE\plugins\com.st.stm32cube.common.mx_6.6.1.202207061420
2022-12-09 14:23:58,004 [INFO] DbMcusXml:77 - Set database path to: C:\ST\STM32CubeIDE_1.10.1\STM32CubeIDE\plugins\com.st.stm32cube.common.mx_6.6.1.202207061420\\db\/mcu/
2022-12-09 14:23:58,004 [INFO] ApiDb:269 - Set plugin database path to: C:\ST\STM32CubeIDE_1.10.1\STM32CubeIDE\plugins\com.st.stm32cube.common.mx_6.6.1.202207061420\\db\/plugins/boardmanager/
2022-12-09 14:23:58,004 [WARN] ApiDb:254 - Overriding images path with different value:  => C:\ST\STM32CubeIDE_1.10.1\STM32CubeIDE\plugins\com.st.stm32cube.common.mx_6.6.1.202207061420\\db\/plugins/mcufinder/images/
2022-12-09 14:23:58,037 [INFO] ApiDb:249 - Set database path to: C:\Users\erwan\.stmcufinder\plugins\mcufinder//mcu/
2022-12-09 14:23:58,037 [INFO] DbMcusAds:124 - Set database path to: C:\Users\erwan\.stmcufinder\plugins\mcufinder//mcu/
2022-12-09 14:23:58,037 [INFO] CrossReferenceDbSqlite:201 - Set database path to: C:\Users\erwan\.stmcufinder\plugins\mcufinder//mcu/cs/
2022-12-09 14:23:58,172 [INFO] RulesReader:61 - Compatibility file has been processed (282 Rules)
2022-12-09 14:23:58,296 [INFO] DbMcusXml:77 - Set database path to: C:\ST\STM32CubeIDE_1.10.1\STM32CubeIDE\plugins\com.st.stm32cube.common.mx_6.6.1.202207061420\\db\/mcu/
2022-12-09 14:23:58,296 [INFO] ApiDb:269 - Set plugin database path to: C:\ST\STM32CubeIDE_1.10.1\STM32CubeIDE\plugins\com.st.stm32cube.common.mx_6.6.1.202207061420\\db\/plugins/boardmanager/
2022-12-09 14:23:58,296 [INFO] ApiDb:256 - Set plugin images path to: C:\ST\STM32CubeIDE_1.10.1\STM32CubeIDE\plugins\com.st.stm32cube.common.mx_6.6.1.202207061420\\db\/plugins/mcufinder/images/
2022-12-09 14:23:58,296 [WARN] DbFile:40 - Overriding database path with different value: C:\Users\erwan\.stmcufinder\plugins\mcufinder/ => C:\Users\erwan\.stmcufinder\plugins\mcufinder
2022-12-09 14:23:58,296 [INFO] ApiDb:249 - Set database path to: C:\Users\erwan\.stmcufinder\plugins\mcufinder//mcu/
2022-12-09 14:23:58,296 [WARN] DbFile:40 - Overriding database path with different value: C:\Users\erwan\.stmcufinder\plugins\mcufinder/ => C:\Users\erwan\.stmcufinder\plugins\mcufinder
2022-12-09 14:23:58,296 [INFO] DbMcusAds:124 - Set database path to: C:\Users\erwan\.stmcufinder\plugins\mcufinder//mcu/
2022-12-09 14:23:58,296 [WARN] DbFile:40 - Overriding database path with different value: C:\Users\erwan\.stmcufinder\plugins\mcufinder/ => C:\Users\erwan\.stmcufinder\plugins\mcufinder
2022-12-09 14:23:58,296 [WARN] DbFile:40 - Overriding database path with different value: C:\Users\erwan\.stmcufinder\plugins\mcufinder/ => C:\Users\erwan\.stmcufinder\plugins\mcufinder
2022-12-09 14:23:58,296 [INFO] CrossReferenceDbSqlite:201 - Set database path to: C:\Users\erwan\.stmcufinder\plugins\mcufinder//mcu/cs/
2022-12-09 14:23:58,396 [INFO] MainPanel:242 - HeapMemory: 268435456
2022-12-09 14:23:58,530 [INFO] DbMcusXml:77 - Set database path to: C:\ST\STM32CubeIDE_1.10.1\STM32CubeIDE\plugins\com.st.stm32cube.common.mx_6.6.1.202207061420\\db\/mcu/
2022-12-09 14:23:58,530 [INFO] ApiDb:269 - Set plugin database path to: C:\ST\STM32CubeIDE_1.10.1\STM32CubeIDE\plugins\com.st.stm32cube.common.mx_6.6.1.202207061420\\db\/plugins/boardmanager/
2022-12-09 14:23:58,530 [INFO] ApiDb:256 - Set plugin images path to: C:\ST\STM32CubeIDE_1.10.1\STM32CubeIDE\plugins\com.st.stm32cube.common.mx_6.6.1.202207061420\\db\/plugins/mcufinder/images/
2022-12-09 14:23:58,530 [WARN] DbFile:40 - Overriding database path with different value: C:\Users\erwan\.stmcufinder\plugins\mcufinder/ => C:\Users\erwan\.stmcufinder\plugins\mcufinder
2022-12-09 14:23:58,530 [INFO] ApiDb:249 - Set database path to: C:\Users\erwan\.stmcufinder\plugins\mcufinder//mcu/
2022-12-09 14:23:58,530 [WARN] DbFile:40 - Overriding database path with different value: C:\Users\erwan\.stmcufinder\plugins\mcufinder/ => C:\Users\erwan\.stmcufinder\plugins\mcufinder
2022-12-09 14:23:58,530 [INFO] DbMcusAds:124 - Set database path to: C:\Users\erwan\.stmcufinder\plugins\mcufinder//mcu/
2022-12-09 14:23:58,530 [WARN] DbFile:40 - Overriding database path with different value: C:\Users\erwan\.stmcufinder\plugins\mcufinder/ => C:\Users\erwan\.stmcufinder\plugins\mcufinder
2022-12-09 14:23:58,530 [WARN] DbFile:40 - Overriding database path with different value: C:\Users\erwan\.stmcufinder\plugins\mcufinder/ => C:\Users\erwan\.stmcufinder\plugins\mcufinder
2022-12-09 14:23:58,530 [INFO] CrossReferenceDbSqlite:201 - Set database path to: C:\Users\erwan\.stmcufinder\plugins\mcufinder//mcu/cs/
2022-12-09 14:23:58,554 [INFO] ApplicationProperties:181 - Using Application install path: C:\ST\STM32CubeIDE_1.10.1\STM32CubeIDE\plugins\com.st.stm32cube.common.mx_6.6.1.202207061420
2022-12-09 14:23:58,554 [INFO] PluginManage:193 - Search for loadable plugins [exclusion list=, ]
2022-12-09 14:23:58,554 [INFO] PluginManage:307 - Check plugin analytics
2022-12-09 14:23:58,788 [INFO] AnalyticsPlugin:262 - Accepted Software Licenses: 
2022-12-09 14:23:58,788 [INFO] AnalyticsPlugin:264 - Accepted CMSIS Pack Licenses: 
2022-12-09 14:23:58,788 [INFO] AnalyticsPlugin:266 - Accepted Firmware Licenses: FW.G4.1.5.0
2022-12-09 14:23:58,805 [INFO] PluginManage:356 - Loaded plugin analytics (category:tool,tabindex:-1)
2022-12-09 14:23:58,805 [INFO] PluginManage:307 - Check plugin cadmodel
2022-12-09 14:23:58,813 [INFO] CADModel:65 - Init CAD model plugin
2022-12-09 14:23:58,813 [INFO] PluginManage:356 - Loaded plugin cadmodel (category:power,tabindex:5)
2022-12-09 14:23:58,813 [INFO] PluginManage:307 - Check plugin clock
2022-12-09 14:23:58,821 [INFO] PluginManage:356 - Loaded plugin clock (category:base,tabindex:2)
2022-12-09 14:23:58,821 [INFO] PluginManage:307 - Check plugin ddr
2022-12-09 14:23:58,829 [INFO] PluginManage:356 - Loaded plugin ddr (category:tool,tabindex:6)
2022-12-09 14:23:58,829 [INFO] PluginManage:307 - Check plugin filemanager
2022-12-09 14:23:58,989 [INFO] PluginManage:356 - Loaded plugin filemanager (category:base,tabindex:10)
2022-12-09 14:23:58,989 [INFO] PluginManage:307 - Check plugin ipmanager
2022-12-09 14:23:59,006 [INFO] PluginManage:356 - Loaded plugin ipmanager (category:base,tabindex:5)
2022-12-09 14:23:59,006 [INFO] PluginManage:307 - Check plugin lpbam
2022-12-09 14:23:59,022 [INFO] PluginManage:356 - Loaded plugin lpbam (category:base,tabindex:0)
2022-12-09 14:23:59,022 [INFO] PluginManage:307 - Check plugin pinoutandconfiguration
2022-12-09 14:23:59,038 [INFO] PluginManage:356 - Loaded plugin pinoutandconfiguration (category:base,tabindex:1)
2022-12-09 14:23:59,038 [INFO] PluginManage:307 - Check plugin pinoutconfig
2022-12-09 14:23:59,081 [INFO] PluginManage:356 - Loaded plugin pinoutconfig (category:base,tabindex:0)
2022-12-09 14:23:59,081 [INFO] PluginManage:307 - Check plugin power
2022-12-09 14:23:59,097 [INFO] PluginManage:356 - Loaded plugin power (category:power,tabindex:4)
2022-12-09 14:23:59,097 [INFO] PluginManage:307 - Check plugin projectmanager
2022-12-09 14:23:59,122 [INFO] PluginManage:356 - Loaded plugin projectmanager (category:projectmanager,tabindex:3)
2022-12-09 14:23:59,122 [INFO] PluginManage:307 - Check plugin thirdparty
2022-12-09 14:23:59,290 [WARN] IntegrityCheckThread:82 - waiting for thirdparty lock release [integrity check]
2022-12-09 14:23:59,290 [INFO] PluginManage:356 - Loaded plugin thirdparty (category:base,tabindex:-1)
2022-12-09 14:23:59,290 [INFO] IntegrityCheckThread:84 - entering critical section [integrity check]
2022-12-09 14:23:59,299 [INFO] PluginManage:307 - Check plugin tools
2022-12-09 14:23:59,299 [INFO] ThirdPartyUpdaterWithRetryManager:70 - Updater plugin not ready yet. [1/15]
2022-12-09 14:23:59,299 [INFO] PluginManage:356 - Loaded plugin tools (category:base,tabindex:7)
2022-12-09 14:23:59,299 [INFO] PluginManage:307 - Check plugin tutovideos
2022-12-09 14:23:59,547 [INFO] PluginManage:356 - Loaded plugin tutovideos (category:base,tabindex:-1)
2022-12-09 14:23:59,548 [INFO] PluginManage:307 - Check plugin updater
2022-12-09 14:23:59,566 [INFO] PluginManage:356 - Loaded plugin updater (category:base,tabindex:12)
2022-12-09 14:23:59,566 [INFO] PluginManage:280 - PluginManage : Loaded plugins [15]
2022-12-09 14:23:59,883 [INFO] PinOutPanel:1468 - setPackage(No Configuration,No Configuration)
2022-12-09 14:23:59,992 [INFO] CADModel:98 - CPN selected for project level
2022-12-09 14:24:00,016 [INFO] IPUIPlugin:79 - create IPUIPlugin
2022-12-09 14:24:00,016 [INFO] PluginManager:217 - loadIPPluginJar : add adc
2022-12-09 14:24:00,016 [INFO] IPUIPlugin:79 - create IPUIPlugin
2022-12-09 14:24:00,016 [INFO] PluginManager:217 - loadIPPluginJar : add aes
2022-12-09 14:24:00,025 [INFO] IPUIPlugin:79 - create IPUIPlugin
2022-12-09 14:24:00,025 [INFO] PluginManager:217 - loadIPPluginJar : add can
2022-12-09 14:24:00,025 [INFO] IPUIPlugin:79 - create IPUIPlugin
2022-12-09 14:24:00,025 [INFO] PluginManager:217 - loadIPPluginJar : add comp
2022-12-09 14:24:00,025 [INFO] IPUIPlugin:79 - create IPUIPlugin
2022-12-09 14:24:00,025 [INFO] PluginManager:217 - loadIPPluginJar : add cryp
2022-12-09 14:24:00,033 [INFO] IPUIPlugin:79 - create IPUIPlugin
2022-12-09 14:24:00,033 [INFO] PluginManager:217 - loadIPPluginJar : add dfsdm
2022-12-09 14:24:00,041 [INFO] IPUIPlugin:79 - create IPUIPlugin
2022-12-09 14:24:00,041 [INFO] PluginManager:217 - loadIPPluginJar : add dma
2022-12-09 14:24:00,049 [INFO] IPUIPlugin:79 - create IPUIPlugin
2022-12-09 14:24:00,049 [INFO] PluginManager:217 - loadIPPluginJar : add dma3
2022-12-09 14:24:00,049 [INFO] IPUIPlugin:79 - create IPUIPlugin
2022-12-09 14:24:00,049 [INFO] PluginManager:217 - loadIPPluginJar : add fatfs
2022-12-09 14:24:00,049 [INFO] IPUIPlugin:79 - create IPUIPlugin
2022-12-09 14:24:00,049 [INFO] PluginManager:217 - loadIPPluginJar : add fmc
2022-12-09 14:24:00,058 [INFO] IPUIPlugin:79 - create IPUIPlugin
2022-12-09 14:24:00,058 [INFO] PluginManager:217 - loadIPPluginJar : add freertos
2022-12-09 14:24:00,058 [INFO] IPUIPlugin:79 - create IPUIPlugin
2022-12-09 14:24:00,058 [INFO] PluginManager:217 - loadIPPluginJar : add genericplugin
2022-12-09 14:24:00,066 [INFO] IPUIPlugin:79 - create IPUIPlugin
2022-12-09 14:24:00,066 [INFO] PluginManager:217 - loadIPPluginJar : add gfxmmu
2022-12-09 14:24:00,066 [INFO] IPUIPlugin:79 - create IPUIPlugin
2022-12-09 14:24:00,066 [INFO] PluginManager:217 - loadIPPluginJar : add gic
2022-12-09 14:24:00,074 [INFO] IPUIPlugin:79 - create IPUIPlugin
2022-12-09 14:24:00,074 [INFO] PluginManager:217 - loadIPPluginJar : add gpio
2022-12-09 14:24:00,074 [INFO] IPUIPlugin:79 - create IPUIPlugin
2022-12-09 14:24:00,074 [INFO] PluginManager:217 - loadIPPluginJar : add gtzc
2022-12-09 14:24:00,074 [INFO] IPUIPlugin:79 - create IPUIPlugin
2022-12-09 14:24:00,074 [INFO] PluginManager:217 - loadIPPluginJar : add hash
2022-12-09 14:24:00,082 [INFO] IPUIPlugin:79 - create IPUIPlugin
2022-12-09 14:24:00,082 [INFO] PluginManager:217 - loadIPPluginJar : add i2c
2022-12-09 14:24:00,082 [INFO] IPUIPlugin:79 - create IPUIPlugin
2022-12-09 14:24:00,082 [INFO] PluginManager:217 - loadIPPluginJar : add i2s
2022-12-09 14:24:00,090 [INFO] IPUIPlugin:79 - create IPUIPlugin
2022-12-09 14:24:00,090 [INFO] PluginManager:217 - loadIPPluginJar : add ipddr
2022-12-09 14:24:00,099 [INFO] IPUIPlugin:79 - create IPUIPlugin
2022-12-09 14:24:00,099 [INFO] PluginManager:217 - loadIPPluginJar : add linkedlist
2022-12-09 14:24:00,099 [INFO] IPUIPlugin:79 - create IPUIPlugin
2022-12-09 14:24:00,099 [INFO] PluginManager:217 - loadIPPluginJar : add lorawan
2022-12-09 14:24:00,099 [INFO] IPUIPlugin:79 - create IPUIPlugin
2022-12-09 14:24:00,099 [INFO] PluginManager:217 - loadIPPluginJar : add ltdc
2022-12-09 14:24:00,107 [INFO] IPUIPlugin:79 - create IPUIPlugin
2022-12-09 14:24:00,107 [INFO] PluginManager:217 - loadIPPluginJar : add mdma
2022-12-09 14:24:00,107 [INFO] IPUIPlugin:79 - create IPUIPlugin
2022-12-09 14:24:00,107 [INFO] PluginManager:217 - loadIPPluginJar : add nvic
2022-12-09 14:24:00,117 [INFO] IPUIPlugin:79 - create IPUIPlugin
2022-12-09 14:24:00,117 [INFO] PluginManager:217 - loadIPPluginJar : add opamp
2022-12-09 14:24:00,117 [INFO] IPUIPlugin:79 - create IPUIPlugin
2022-12-09 14:24:00,117 [INFO] PluginManager:217 - loadIPPluginJar : add openamp
2022-12-09 14:24:00,117 [INFO] IPUIPlugin:79 - create IPUIPlugin
2022-12-09 14:24:00,117 [INFO] PluginManager:217 - loadIPPluginJar : add pdm2pcm
2022-12-09 14:24:00,125 [INFO] IPUIPlugin:79 - create IPUIPlugin
2022-12-09 14:24:00,125 [INFO] PluginManager:217 - loadIPPluginJar : add plateformsettings
2022-12-09 14:24:00,133 [INFO] IPUIPlugin:79 - create IPUIPlugin
2022-12-09 14:24:00,133 [INFO] PluginManager:217 - loadIPPluginJar : add quadspi
2022-12-09 14:24:00,133 [INFO] IPUIPlugin:79 - create IPUIPlugin
2022-12-09 14:24:00,133 [INFO] PluginManager:217 - loadIPPluginJar : add resmgrutility
2022-12-09 14:24:00,141 [INFO] IPUIPlugin:79 - create IPUIPlugin
2022-12-09 14:24:00,141 [INFO] PluginManager:217 - loadIPPluginJar : add sai
2022-12-09 14:24:00,141 [INFO] IPUIPlugin:79 - create IPUIPlugin
2022-12-09 14:24:00,141 [INFO] PluginManager:217 - loadIPPluginJar : add spi
2022-12-09 14:24:00,149 [INFO] IPUIPlugin:79 - create IPUIPlugin
2022-12-09 14:24:00,149 [INFO] PluginManager:217 - loadIPPluginJar : add stm32_wpan
2022-12-09 14:24:00,149 [INFO] IPUIPlugin:79 - create IPUIPlugin
2022-12-09 14:24:00,149 [INFO] PluginManager:217 - loadIPPluginJar : add tim
2022-12-09 14:24:00,157 [INFO] IPUIPlugin:79 - create IPUIPlugin
2022-12-09 14:24:00,157 [INFO] PluginManager:217 - loadIPPluginJar : add touchsensing
2022-12-09 14:24:00,157 [INFO] IPUIPlugin:79 - create IPUIPlugin
2022-12-09 14:24:00,157 [INFO] PluginManager:217 - loadIPPluginJar : add tracer_emb
2022-12-09 14:24:00,157 [INFO] IPUIPlugin:79 - create IPUIPlugin
2022-12-09 14:24:00,157 [INFO] PluginManager:217 - loadIPPluginJar : add ts
2022-12-09 14:24:00,166 [INFO] IPUIPlugin:79 - create IPUIPlugin
2022-12-09 14:24:00,166 [INFO] PluginManager:217 - loadIPPluginJar : add tsc
2022-12-09 14:24:00,166 [INFO] IPUIPlugin:79 - create IPUIPlugin
2022-12-09 14:24:00,166 [INFO] PluginManager:217 - loadIPPluginJar : add ucpd
2022-12-09 14:24:00,174 [INFO] IPUIPlugin:79 - create IPUIPlugin
2022-12-09 14:24:00,174 [INFO] PluginManager:217 - loadIPPluginJar : add usart
2022-12-09 14:24:00,174 [INFO] IPUIPlugin:79 - create IPUIPlugin
2022-12-09 14:24:00,174 [INFO] PluginManager:217 - loadIPPluginJar : add usbx
2022-12-09 14:24:00,520 [FATAL] Updater:301 - Updater called before beeing initialized
2022-12-09 14:24:00,675 [FATAL] Updater:301 - Updater called before beeing initialized
2022-12-09 14:24:00,683 [INFO] DbMcusAds:52 - JSON generation date=Thu Sep 30 08:55:09 CEST 2021 (1632984909377)
2022-12-09 14:24:00,683 [FATAL] Updater:301 - Updater called before beeing initialized
2022-12-09 14:24:00,724 [WARN] DetailPanel:344 - Failed to get advertising image, set to default
2022-12-09 14:24:00,853 [FATAL] Updater:301 - Updater called before beeing initialized
2022-12-09 14:24:00,853 [FATAL] Updater:301 - Updater called before beeing initialized
2022-12-09 14:24:00,853 [FATAL] Updater:301 - Updater called before beeing initialized
2022-12-09 14:24:00,853 [WARN] DetailPanel:344 - Failed to get advertising image, set to default
2022-12-09 14:24:00,853 [FATAL] Updater:301 - Updater called before beeing initialized
2022-12-09 14:24:00,932 [ERROR] Updater:1105 - MainUpdater not yet initialized. External WinMGr cannot be set.
2022-12-09 14:24:00,940 [INFO] Updater:1041 - Updater Version found : 6.6.1
2022-12-09 14:24:00,957 [INFO] ApplicationProperties:181 - Using Application install path: C:\ST\STM32CubeIDE_1.10.1\STM32CubeIDE\plugins\com.st.stm32cube.common.mx_6.6.1.202207061420
2022-12-09 14:24:01,083 [INFO] MainUpdater:2768 - connection check result : 10
2022-12-09 14:24:01,083 [INFO] MainUpdater:280 - Updater Check For Update Now.
2022-12-09 14:24:01,083 [INFO] MicroXplorer:481 - Change Database Version : DB.6.0.60
2022-12-09 14:24:01,267 [INFO] CheckServerUpdateThread:119 - End of CheckServer Thread
2022-12-09 14:24:01,304 [INFO] MainUpdater:2768 - connection check result : 10
2022-12-09 14:24:01,600 [INFO] McuFinderGlobals:57 - Set McuFinderConnectedMode to true
2022-12-09 14:24:01,617 [INFO] MultiScanPanel:195 - Auto-refresh data requested => check proxy status ongoing
2022-12-09 14:24:01,617 [INFO] FinderPluginLoader:92 - Searching for filters in installed packs
2022-12-09 14:24:01,868 [INFO] ApiDb:576 - Connected to CubeFinder SQLite database (C:\Users\erwan\.stmcufinder\plugins\mcufinder\mcu\cube-finder-db.db)
2022-12-09 14:24:01,952 [INFO] ApiDb:663 - CubeFinder database Data Model version=2.1
2022-12-09 14:24:01,952 [INFO] ApiDb:664 - CubeFinder database Configuration version=3.0.35
2022-12-09 14:24:01,952 [INFO] ApiDb:665 - CubeFinder database generation date=2022-11-18 (1668769384)
2022-12-09 14:24:01,952 [INFO] ApiDb:666 - CubeFinder database FW Pack versions=[FP-ATR-ASTRA1_V1.1.1, STM32Cube_FW_C0_V1.0.0, STM32Cube_FW_F4_V1.27.1, STM32Cube_FW_F7_V1.17.0, STM32Cube_FW_G0_V1.6.1, STM32Cube_FW_G4_V1.5.0, STM32Cube_FW_H5_V0.5.1, STM32Cube_FW_H7_V1.11.0, STM32Cube_FW_L5_V1.5.0, STM32Cube_FW_U5_V1.1.1, STM32Cube_FW_WBA_V0.2.0, STM32Cube_FW_WB_V1.15.0, STM32Cube_FW_WB_V1.15.0RC1, STM32Cube_FW_WL_V1.3.0, X-CUBE-ALGOBUILD_V1.3.0, X-CUBE-ALS_V1.0.1, X-CUBE-AZRTOS-F4_V1.1.0, X-CUBE-AZRTOS-F7_V1.1.0, X-CUBE-AZRTOS-G0_V1.1.0, X-CUBE-AZRTOS-G4_V1.0.0, X-CUBE-AZRTOS-H7_V2.1.0, X-CUBE-AZRTOS-L4_V1.0.0, X-CUBE-AZRTOS-L5_V1.0.0, X-CUBE-AZRTOS-WL_V1.0.0, X-CUBE-BLE1_V6.2.4, X-CUBE-BLE2_V3.3.0, X-CUBE-BLEMGR_V1.2.0, X-CUBE-EEPRMA1_V3.1.1, X-CUBE-GNSS1_V6.0.0, X-CUBE-MEMS1_V9.1.0, X-CUBE-MEMS1_V9.3.0, X-CUBE-NFC4_V2.0.4, X-CUBE-NFC7_V1.0.0, X-CUBE-SFXS2LP1_V4.0.0, X-CUBE-SUBG2_V5.0.0]
2022-12-09 14:24:02,591 [WARN] PackLoader:242 - Cannot read IP mode file for STMicroelectronics.X-CUBE-GNSS1.6.0.0
2022-12-09 14:24:02,643 [WARN] PackLoader:242 - Cannot read IP mode file for STMicroelectronics.X-CUBE-AZRTOS-F4.1.1.0
2022-12-09 14:24:02,661 [WARN] PackLoader:242 - Cannot read IP mode file for STMicroelectronics.X-CUBE-BLEMGR.1.2.0
2022-12-09 14:24:02,694 [WARN] PackLoader:242 - Cannot read IP mode file for STMicroelectronics.X-CUBE-AZRTOS-F7.1.1.0
2022-12-09 14:24:02,711 [WARN] PackLoader:242 - Cannot read IP mode file for STMicroelectronics.X-CUBE-BLE1.6.2.3
2022-12-09 14:24:02,711 [WARN] PackLoader:242 - Cannot read IP mode file for STMicroelectronics.X-CUBE-BLE1.6.2.4
2022-12-09 14:24:02,719 [WARN] PackLoader:242 - Cannot read IP mode file for STMicroelectronics.X-CUBE-BLE1.6.2.1
2022-12-09 14:24:02,727 [WARN] PackLoader:242 - Cannot read IP mode file for STMicroelectronics.X-CUBE-BLE1.6.2.2
2022-12-09 14:24:02,735 [WARN] PackLoader:242 - Cannot read IP mode file for STMicroelectronics.X-CUBE-NFC4.2.0.5
2022-12-09 14:24:02,762 [WARN] PackLoader:242 - Cannot read IP mode file for STMicroelectronics.X-CUBE-BLE2.3.2.1
2022-12-09 14:24:02,788 [WARN] PackLoader:242 - Cannot read IP mode file for STMicroelectronics.X-CUBE-NFC4.2.0.4
2022-12-09 14:24:02,800 [WARN] PackLoader:242 - Cannot read IP mode file for STMicroelectronics.X-CUBE-BLE2.3.2.2
2022-12-09 14:24:02,813 [WARN] PackLoader:242 - Cannot read IP mode file for STMicroelectronics.X-CUBE-NFC4.2.0.3
2022-12-09 14:24:02,821 [WARN] PackLoader:242 - Cannot read IP mode file for wolfSSL.I-CUBE-wolfSSL.4.8.0
2022-12-09 14:24:02,830 [WARN] PackLoader:242 - Cannot read IP mode file for STMicroelectronics.X-CUBE-TOF1.3.1.0
2022-12-09 14:24:02,854 [WARN] PackLoader:242 - Cannot read IP mode file for STMicroelectronics.X-CUBE-SFXS2LP1.3.1.0
2022-12-09 14:24:02,879 [WARN] PackLoader:242 - Cannot read IP mode file for STMicroelectronics.X-CUBE-AZRTOS-F4.1.0.0
2022-12-09 14:24:02,887 [WARN] PackLoader:242 - Cannot read IP mode file for STMicroelectronics.X-CUBE-TOF1.2.0.0
2022-12-09 14:24:02,896 [WARN] PackLoader:242 - Cannot read IP mode file for STMicroelectronics.X-CUBE-NFC7.1.0.0
2022-12-09 14:24:02,904 [WARN] PackLoader:242 - Cannot read IP mode file for STMicroelectronics.X-CUBE-SUBG2.4.2.0
2022-12-09 14:24:02,953 [WARN] PackLoader:242 - Cannot read IP mode file for STMicroelectronics.X-CUBE-MEMS1.9.3.0
2022-12-09 14:24:03,137 [WARN] PackLoader:242 - Cannot read IP mode file for STMicroelectronics.X-CUBE-AI.7.2.0
2022-12-09 14:24:03,145 [WARN] PackLoader:242 - Cannot read IP mode file for STMicroelectronics.X-CUBE-ALGOBUILD.1.2.1
2022-12-09 14:24:03,161 [WARN] PackLoader:242 - Cannot read IP mode file for STMicroelectronics.X-CUBE-DISPLAY.1.0.0
2022-12-09 14:24:03,169 [WARN] PackLoader:242 - Cannot read IP mode file for STMicroelectronics.X-CUBE-SFXS2LP1.4.0.0
2022-12-09 14:24:03,170 [WARN] PackLoader:242 - Cannot read IP mode file for STMicroelectronics.X-CUBE-BLE2.3.3.0
2022-12-09 14:24:03,178 [WARN] PackLoader:242 - Cannot read IP mode file for STMicroelectronics.X-CUBE-DISPLAY.2.2.0
2022-12-09 14:24:03,198 [WARN] PackLoader:242 - Cannot read IP mode file for STMicroelectronics.X-CUBE-TOF1.3.2.0
2022-12-09 14:24:03,206 [WARN] PackLoader:242 - Cannot read IP mode file for STMicroelectronics.X-CUBE-TOUCHGFX.4.18.0
2022-12-09 14:24:03,214 [WARN] PackLoader:242 - Cannot read IP mode file for STMicroelectronics.X-CUBE-ISPU.1.0.0
2022-12-09 14:24:03,214 [WARN] PackLoader:242 - Cannot read IP mode file for STMicroelectronics.X-CUBE-ISPU.1.1.0
2022-12-09 14:24:03,223 [WARN] PackLoader:242 - Cannot read IP mode file for RoweBots.I-CUBE-UNISONRTOS.5.5.0-4
2022-12-09 14:24:03,247 [WARN] PackLoader:242 - Cannot read IP mode file for STMicroelectronics.X-CUBE-AZRTOS-H7.2.1.0
2022-12-09 14:24:03,264 [WARN] PackLoader:242 - Cannot read IP mode file for STMicroelectronics.X-CUBE-BLEMGR.1.0.0
2022-12-09 14:24:03,303 [WARN] PackLoader:242 - Cannot read IP mode file for STMicroelectronics.X-CUBE-MEMS1.9.0.0
2022-12-09 14:24:03,461 [WARN] PackLoader:242 - Cannot read IP mode file for STMicroelectronics.X-CUBE-MEMS1.9.4.0
2022-12-09 14:24:03,620 [WARN] PackLoader:242 - Cannot read IP mode file for STMicroelectronics.X-CUBE-AI.7.3.0
2022-12-09 14:24:03,620 [WARN] PackLoader:242 - Cannot read IP mode file for STMicroelectronics.X-CUBE-ALGOBUILD.1.3.0
2022-12-09 14:24:03,644 [WARN] PackLoader:242 - Cannot read IP mode file for STMicroelectronics.X-CUBE-AZRTOS-G0.1.1.0
2022-12-09 14:24:03,661 [WARN] PackLoader:242 - Cannot read IP mode file for STMicroelectronics.X-CUBE-SUBG2.5.0.0
2022-12-09 14:24:03,704 [WARN] PackLoader:242 - Cannot read IP mode file for SEGGER.I-CUBE-embOS.1.2.0
2022-12-09 14:24:03,738 [WARN] PackLoader:242 - Cannot read IP mode file for STMicroelectronics.X-CUBE-TOUCHGFX.4.17.0
2022-12-09 14:24:03,738 [WARN] PackLoader:242 - Cannot read IP mode file for STMicroelectronics.FP-ATR-ASTRA1.1.1.1
2022-12-09 14:24:03,747 [WARN] PackLoader:242 - Cannot read IP mode file for STMicroelectronics.X-CUBE-BLEMGR.1.3.0
2022-12-09 14:24:03,765 [WARN] PackLoader:242 - Cannot read IP mode file for STMicroelectronics.X-CUBE-AZRTOS-H7.2.0.0
2022-12-09 14:24:03,785 [WARN] PackLoader:242 - Cannot read IP mode file for STMicroelectronics.X-CUBE-AZRTOS-G4.1.0.0
2022-12-09 14:24:03,795 [WARN] PackLoader:242 - Cannot read IP mode file for STMicroelectronics.FP-ATR-SIGFOX1.3.2.0
2022-12-09 14:24:03,805 [WARN] PackLoader:242 - Cannot read IP mode file for STMicroelectronics.X-CUBE-AZRTOS-L4.1.0.0
2022-12-09 14:24:03,822 [WARN] PackLoader:242 - Cannot read IP mode file for emotas.I-CUBE-CANOPEN.1.1.2
2022-12-09 14:24:03,822 [WARN] PackLoader:242 - Cannot read IP mode file for STMicroelectronics.X-CUBE-TOUCHGFX.4.20.0
2022-12-09 14:24:03,838 [WARN] PackLoader:242 - Cannot read IP mode file for STMicroelectronics.X-CUBE-AZRTOS-WL.1.0.0
2022-12-09 14:24:03,880 [WARN] PackLoader:242 - Cannot read IP mode file for STMicroelectronics.X-CUBE-MEMS1.9.1.0
2022-12-09 14:24:04,006 [WARN] PackLoader:242 - Cannot read IP mode file for portGmbH.I-Cube-SoM-uGOAL.1.1.0
2022-12-09 14:24:04,014 [WARN] PackLoader:242 - Cannot read IP mode file for STMicroelectronics.X-CUBE-ALS.1.0.1
2022-12-09 14:24:04,018 [WARN] PackLoader:242 - Cannot read IP mode file for STMicroelectronics.X-CUBE-AI.7.0.0
2022-12-09 14:24:04,042 [WARN] PackLoader:242 - Cannot read IP mode file for STMicroelectronics.X-CUBE-AZRTOS-L5.1.0.0
2022-12-09 14:24:04,050 [WARN] PackLoader:242 - Cannot read IP mode file for STMicroelectronics.X-CUBE-EEPRMA1.3.1.0
2022-12-09 14:24:04,058 [WARN] PackLoader:242 - Cannot read IP mode file for STMicroelectronics.X-CUBE-EEPRMA1.3.1.1
2022-12-09 14:24:04,058 [WARN] PackLoader:242 - Cannot read IP mode file for STMicroelectronics.X-CUBE-GNSS1.5.2.0
2022-12-09 14:24:04,067 [WARN] PackLoader:242 - Cannot read IP mode file for STMicroelectronics.X-CUBE-DISPLAY.2.0.0
2022-12-09 14:24:04,072 [INFO] ThirdParty:929 - Integrity check success = true
2022-12-09 14:24:04,072 [INFO] IntegrityCheckThread:98 - exiting critical section [integrity check]
2022-12-09 14:24:04,072 [INFO] IntegrityCheckThread:101 - End integrity checks thread
2022-12-09 14:24:04,919 [INFO] ApiDb:239 - Found 138 in-development CPN: [B-WB1M-WPAN1, NUCLEO-C031C6, STEVAL-STWINBX1, STM320518-EVAL, STM32C0116-DK, STM32C011D6Y3TR, STM32C011D6Y6TR, STM32C011F4P3, STM32C011F4P6, STM32C011F4U3, STM32C011F4U6TR, STM32C011F6P3, STM32C011F6P6, STM32C011F6U3, STM32C011F6U6TR, STM32C011J4M3, STM32C011J4M6, STM32C011J6M3, STM32C011J6M6, STM32C0316-DK, STM32C031C4T3, STM32C031C4T6, STM32C031C4U3, STM32C031C4U6, STM32C031C6T3, STM32C031C6T6, STM32C031C6U3, STM32C031C6U6, STM32C031F4P3, STM32C031F4P6, STM32C031F6P3, STM32C031F6P6, STM32C031G4U3, STM32C031G4U6, STM32C031G6U3, STM32C031G6U6, STM32C031K4T3, STM32C031K4T6, STM32C031K4U3, STM32C031K4U6, STM32C031K6T3, STM32C031K6T6, STM32C031K6U3, STM32C031K6U6, STM32G071K8TXN, STM32G071K8UXN, STM32G081GBU6N, STM32G081KBT6N, STM32G081KBUXN, STM32G0B1CCT6N, STM32G0B1KCT6, STM32G0B1NEY6TR, STM32G0B1RCT6N, STM32G0C1CCT6, STM32G0C1CCT6N, STM32G0C1CCU6N, STM32G0C1CET6N, STM32G0C1CEU6N, STM32G0C1KCT6, STM32G0C1NEY6TR, STM32G0C1RCI6N, STM32G0C1RCT6N, STM32G0C1REI6N, STM32G0C1RET6N, STM32G0C1VCI6, STM32G0C1VEI6, STM32G471CCT6, STM32G471CCU6, STM32G471CET3, STM32G471CET6, STM32G471CEU3, STM32G471CEU6, STM32G471MCT6, STM32G471MET3, STM32G471MET6, STM32G471MEY6TR, STM32G471QCT6, STM32G471QET3, STM32G471RCT6, STM32G471RET3, STM32G471RET6, STM32G471VCH6, STM32G471VCI6, STM32G471VCT6, STM32G471VEH3, STM32G471VEH6, STM32G471VEI3, STM32G471VEI6, STM32G471VET3, STM32G471VET6, STM32G474CCT6, STM32L476VGY6PTR, STM32L4R5QGI6STR, STM32MP131AAE3, STM32MP131AAF3, STM32MP131AAG3, STM32MP131CAE3, STM32MP131CAF3, STM32MP131CAG3, STM32MP131DAE7, STM32MP131DAF7, STM32MP131DAG7, STM32MP131FAE7, STM32MP131FAF7, STM32MP131FAG7, STM32MP133AAE3, STM32MP133AAF3, STM32MP133AAG3, STM32MP133CAE3, STM32MP133CAF3, STM32MP133CAG3, STM32MP133DAE7, STM32MP133DAF7, STM32MP133DAG7, STM32MP133FAE7, STM32MP133FAF7, STM32MP133FAG7, STM32MP135AAE3, STM32MP135AAF3, STM32MP135AAG3, STM32MP135CAE3, STM32MP135CAF3, STM32MP135CAG3, STM32MP135DAE7, STM32MP135DAF7, STM32MP135DAG7, STM32MP135F-DK, STM32MP135FAE7, STM32MP135FAF7, STM32MP135FAG7, STM32U595ZJT6Q, STM32U599BJY6QTR, STM32U599NIH6Q, STM32U599NJH6Q, STM32U5A5ZJT6Q, STM32U5A9BJY6QTR, STM32U5A9NJH6Q, STM32WB1MMCH6]
2022-12-09 14:24:04,927 [INFO] DbMcus:215 - Found 3580 MCUs, 3580 are supported
2022-12-09 14:24:04,927 [INFO] ApiDb:418 - Load user favorites file C:\Users\erwan/.stm32cubeide/favorites.mcus.txt: 0 item(s)
2022-12-09 14:24:04,936 [INFO] ApiDb:422 - User favorites MCUs=[]
2022-12-09 14:24:04,936 [INFO] DbMcus:221 - Set 0 / 0 favorites MCUs
2022-12-09 14:24:06,349 [INFO] LoadUrlFilesThread:177 - End of LoadServerUrlFiles without Thread
2022-12-09 14:24:06,373 [INFO] DetailPanel:339 - Set advertising image to C:/Users/erwan/STM32Cube/Repository/\en.Prom_NBSTM32U50921.jpg
2022-12-09 14:24:07,041 [INFO] MultiScanPanel:778 - Auto Refresh Data is not needed
2022-12-09 14:24:07,051 [INFO] ApiDb:663 - CubeFinder database Data Model version=2.1
2022-12-09 14:24:07,051 [INFO] ApiDb:664 - CubeFinder database Configuration version=3.0.35
2022-12-09 14:24:07,051 [INFO] ApiDb:665 - CubeFinder database generation date=2022-11-18 (1668769384)
2022-12-09 14:24:07,051 [INFO] ApiDb:666 - CubeFinder database FW Pack versions=[FP-ATR-ASTRA1_V1.1.1, STM32Cube_FW_C0_V1.0.0, STM32Cube_FW_F4_V1.27.1, STM32Cube_FW_F7_V1.17.0, STM32Cube_FW_G0_V1.6.1, STM32Cube_FW_G4_V1.5.0, STM32Cube_FW_H5_V0.5.1, STM32Cube_FW_H7_V1.11.0, STM32Cube_FW_L5_V1.5.0, STM32Cube_FW_U5_V1.1.1, STM32Cube_FW_WBA_V0.2.0, STM32Cube_FW_WB_V1.15.0, STM32Cube_FW_WB_V1.15.0RC1, STM32Cube_FW_WL_V1.3.0, X-CUBE-ALGOBUILD_V1.3.0, X-CUBE-ALS_V1.0.1, X-CUBE-AZRTOS-F4_V1.1.0, X-CUBE-AZRTOS-F7_V1.1.0, X-CUBE-AZRTOS-G0_V1.1.0, X-CUBE-AZRTOS-G4_V1.0.0, X-CUBE-AZRTOS-H7_V2.1.0, X-CUBE-AZRTOS-L4_V1.0.0, X-CUBE-AZRTOS-L5_V1.0.0, X-CUBE-AZRTOS-WL_V1.0.0, X-CUBE-BLE1_V6.2.4, X-CUBE-BLE2_V3.3.0, X-CUBE-BLEMGR_V1.2.0, X-CUBE-EEPRMA1_V3.1.1, X-CUBE-GNSS1_V6.0.0, X-CUBE-MEMS1_V9.1.0, X-CUBE-MEMS1_V9.3.0, X-CUBE-NFC4_V2.0.4, X-CUBE-NFC7_V1.0.0, X-CUBE-SFXS2LP1_V4.0.0, X-CUBE-SUBG2_V5.0.0]
2022-12-09 14:24:07,161 [INFO] DbBoardsSqlite:227 - include board P-NUCLEO-WB55-NUCLEO as a kit item of type 'Nucleo-64'
2022-12-09 14:24:07,161 [INFO] DbBoardsSqlite:227 - include board P-NUCLEO-WB55-USBDONGLE as a kit item of type 'Nucleo USB Dongle'
2022-12-09 14:24:07,161 [INFO] DbBoardsSqlite:227 - include board STEVAL-IDP005V1 as a kit item of type 'Evaluation Board'
2022-12-09 14:24:07,161 [INFO] DbBoardsSqlite:227 - include board STEVAL-IDP005V2 as a kit item of type 'Evaluation Board'
2022-12-09 14:24:07,219 [INFO] ApiDb:239 - Found 138 in-development CPN: [B-WB1M-WPAN1, NUCLEO-C031C6, STEVAL-STWINBX1, STM320518-EVAL, STM32C0116-DK, STM32C011D6Y3TR, STM32C011D6Y6TR, STM32C011F4P3, STM32C011F4P6, STM32C011F4U3, STM32C011F4U6TR, STM32C011F6P3, STM32C011F6P6, STM32C011F6U3, STM32C011F6U6TR, STM32C011J4M3, STM32C011J4M6, STM32C011J6M3, STM32C011J6M6, STM32C0316-DK, STM32C031C4T3, STM32C031C4T6, STM32C031C4U3, STM32C031C4U6, STM32C031C6T3, STM32C031C6T6, STM32C031C6U3, STM32C031C6U6, STM32C031F4P3, STM32C031F4P6, STM32C031F6P3, STM32C031F6P6, STM32C031G4U3, STM32C031G4U6, STM32C031G6U3, STM32C031G6U6, STM32C031K4T3, STM32C031K4T6, STM32C031K4U3, STM32C031K4U6, STM32C031K6T3, STM32C031K6T6, STM32C031K6U3, STM32C031K6U6, STM32G071K8TXN, STM32G071K8UXN, STM32G081GBU6N, STM32G081KBT6N, STM32G081KBUXN, STM32G0B1CCT6N, STM32G0B1KCT6, STM32G0B1NEY6TR, STM32G0B1RCT6N, STM32G0C1CCT6, STM32G0C1CCT6N, STM32G0C1CCU6N, STM32G0C1CET6N, STM32G0C1CEU6N, STM32G0C1KCT6, STM32G0C1NEY6TR, STM32G0C1RCI6N, STM32G0C1RCT6N, STM32G0C1REI6N, STM32G0C1RET6N, STM32G0C1VCI6, STM32G0C1VEI6, STM32G471CCT6, STM32G471CCU6, STM32G471CET3, STM32G471CET6, STM32G471CEU3, STM32G471CEU6, STM32G471MCT6, STM32G471MET3, STM32G471MET6, STM32G471MEY6TR, STM32G471QCT6, STM32G471QET3, STM32G471RCT6, STM32G471RET3, STM32G471RET6, STM32G471VCH6, STM32G471VCI6, STM32G471VCT6, STM32G471VEH3, STM32G471VEH6, STM32G471VEI3, STM32G471VEI6, STM32G471VET3, STM32G471VET6, STM32G474CCT6, STM32L476VGY6PTR, STM32L4R5QGI6STR, STM32MP131AAE3, STM32MP131AAF3, STM32MP131AAG3, STM32MP131CAE3, STM32MP131CAF3, STM32MP131CAG3, STM32MP131DAE7, STM32MP131DAF7, STM32MP131DAG7, STM32MP131FAE7, STM32MP131FAF7, STM32MP131FAG7, STM32MP133AAE3, STM32MP133AAF3, STM32MP133AAG3, STM32MP133CAE3, STM32MP133CAF3, STM32MP133CAG3, STM32MP133DAE7, STM32MP133DAF7, STM32MP133DAG7, STM32MP133FAE7, STM32MP133FAF7, STM32MP133FAG7, STM32MP135AAE3, STM32MP135AAF3, STM32MP135AAG3, STM32MP135CAE3, STM32MP135CAF3, STM32MP135CAG3, STM32MP135DAE7, STM32MP135DAF7, STM32MP135DAG7, STM32MP135F-DK, STM32MP135FAE7, STM32MP135FAF7, STM32MP135FAG7, STM32U595ZJT6Q, STM32U599BJY6QTR, STM32U599NIH6Q, STM32U599NJH6Q, STM32U5A5ZJT6Q, STM32U5A9BJY6QTR, STM32U5A9NJH6Q, STM32WB1MMCH6]
2022-12-09 14:24:07,359 [INFO] BoardInfo:879 - No configuration file found for board P-NUCLEO-WB55
2022-12-09 14:24:07,359 [INFO] DbBoards:156 - Kit is not supported: P-NUCLEO-WB55
2022-12-09 14:24:07,368 [INFO] BoardInfo:879 - No configuration file found for board STEVAL-BFA001V1B
2022-12-09 14:24:07,368 [INFO] DbBoards:156 - Kit is not supported: STEVAL-BFA001V1B
2022-12-09 14:24:07,368 [INFO] BoardInfo:879 - No configuration file found for board STEVAL-BFA001V2B
2022-12-09 14:24:07,368 [INFO] DbBoards:156 - Kit is not supported: STEVAL-BFA001V2B
2022-12-09 14:24:07,376 [INFO] BoardInfo:879 - No configuration file found for board STEVAL-PROTEUS1
2022-12-09 14:24:07,376 [INFO] DbBoards:156 - Board is not supported: STEVAL-PROTEUS1
2022-12-09 14:24:07,507 [INFO] DbBoards:160 - Found 178 boards, 174 are supported
2022-12-09 14:24:07,516 [INFO] ApiDb:418 - Load user favorites file C:\Users\erwan/.stm32cubeide/favorites.boards.txt: 1 item(s)
2022-12-09 14:24:07,516 [INFO] ApiDb:422 - User favorites Boards=[NUCLEO-G431RB]
2022-12-09 14:24:07,516 [INFO] DbBoards:189 - Set 1 / 1 favorites Boards
2022-12-09 14:24:12,225 [ERROR] LogOutputStream:74 - [STDERR_REDIRECT] SLF4J: Failed to load class "org.slf4j.impl.StaticLoggerBinder".
2022-12-09 14:24:12,225 [ERROR] LogOutputStream:74 - [STDERR_REDIRECT] SLF4J: Defaulting to no-operation (NOP) logger implementation
2022-12-09 14:24:12,225 [ERROR] LogOutputStream:74 - [STDERR_REDIRECT] SLF4J: See http://www.slf4j.org/codes.html#StaticLoggerBinder for further details.
2022-12-09 14:24:23,556 [INFO] MultiScanPanel:195 - Auto-refresh data requested => check proxy status ongoing
2022-12-09 14:24:23,719 [INFO] LoadUrlFilesThread:177 - End of LoadServerUrlFiles without Thread
2022-12-09 14:24:23,719 [INFO] DetailPanel:339 - Set advertising image to C:/Users/erwan/STM32Cube/Repository/\en.Prom_NBSTM32U50921.jpg
2022-12-09 14:24:23,747 [INFO] DbBoards:628 - Loading board mini-images...
2022-12-09 14:24:23,910 [ERROR] DbBoards:648 - No image file defined for board B-WB1M-WPAN1
2022-12-09 14:24:23,910 [ERROR] DbBoards:648 - No image file defined for board NUCLEO-C031C6
2022-12-09 14:24:25,301 [ERROR] DbBoards:645 - Image file not found for board STEVAL-PROTEUS1: C:\ST\STM32CubeIDE_1.10.1\STM32CubeIDE\plugins\com.st.stm32cube.common.mx_6.6.1.202207061420\\db\/plugins/mcufinder/images/boards/steval-proteus1_image.jpg
2022-12-09 14:24:25,301 [ERROR] DbBoards:648 - No image file defined for board STEVAL-STWINBX1
2022-12-09 14:24:25,350 [ERROR] DbBoards:645 - Image file not found for board STM320518-EVAL: C:\ST\STM32CubeIDE_1.10.1\STM32CubeIDE\plugins\com.st.stm32cube.common.mx_6.6.1.202207061420\\db\/plugins/mcufinder/images/boards/stm320518-eval.jpg
2022-12-09 14:24:25,358 [ERROR] DbBoards:648 - No image file defined for board STM32091C-EVAL
2022-12-09 14:24:25,358 [ERROR] DbBoards:648 - No image file defined for board STM32100E-EVAL
2022-12-09 14:24:25,358 [ERROR] DbBoards:648 - No image file defined for board STM3210C-EVAL
2022-12-09 14:24:25,376 [ERROR] DbBoards:648 - No image file defined for board STM3221G-EVAL
2022-12-09 14:24:25,376 [ERROR] DbBoards:648 - No image file defined for board STM32303C-EVAL
2022-12-09 14:24:25,493 [ERROR] DbBoards:648 - No image file defined for board STM32479I-EVAL
2022-12-09 14:24:25,493 [ERROR] DbBoards:648 - No image file defined for board STM32746G-EVAL2
2022-12-09 14:24:25,501 [ERROR] DbBoards:648 - No image file defined for board STM32C0116-DK
2022-12-09 14:24:25,501 [ERROR] DbBoards:648 - No image file defined for board STM32C0316-DK
2022-12-09 14:24:25,534 [ERROR] DbBoards:648 - No image file defined for board STM32F401C-DISCO
2022-12-09 14:24:25,591 [ERROR] DbBoards:648 - No image file defined for board STM32F7308-DK
2022-12-09 14:24:25,635 [ERROR] DbBoards:648 - No image file defined for board STM32F779I-EVAL
2022-12-09 14:24:25,735 [ERROR] DbBoards:648 - No image file defined for board STM32G474E-EVAL1
2022-12-09 14:24:25,827 [ERROR] DbBoards:648 - No image file defined for board STM32H747I-EVAL
2022-12-09 14:24:25,884 [ERROR] DbBoards:648 - No image file defined for board STM32L-DISCOVERY
2022-12-09 14:24:25,909 [ERROR] DbBoards:648 - No image file defined for board STM32L152D-EVAL
2022-12-09 14:24:26,075 [ERROR] DbBoards:648 - No image file defined for board STM32MP135F-DK
2022-12-09 14:24:26,325 [INFO] DbBoards:651 - Loaded 156 board mini-images
2022-12-09 14:24:26,402 [INFO] MultiScanPanel:778 - Auto Refresh Data is not needed
2022-12-09 14:25:17,337 [INFO] MainUpdater:2768 - connection check result : 10
2022-12-09 14:25:17,337 [INFO] MainUpdater:2768 - connection check result : 10
2022-12-09 14:25:17,374 [INFO] MicroXplorer:451 - Change Database Path : 
2022-12-09 14:25:17,377 [INFO] MicroXplorer:481 - Change Database Version : DB.6.0.60
2022-12-09 14:25:17,385 [WARN] ThirdParty:827 - waiting for thirdparty lock release [close project]
2022-12-09 14:25:17,385 [INFO] ThirdParty:829 - entering critical section [close project]
2022-12-09 14:25:17,385 [INFO] ThirdParty:839 - exiting critical section [close project]
2022-12-09 14:25:17,393 [INFO] PinOutPanel:1468 - setPackage(No Configuration,No Configuration)
2022-12-09 14:25:17,405 [INFO] UtilMem:74 - Begin LoadConfig() Used Memory: 562807776 Bytes (628097024)
2022-12-09 14:25:17,407 [INFO] OpenFileManager:307 - Change cursor
2022-12-09 14:25:17,457 [INFO] ProjectFactory:399 - No CPN specified for board NUCLEO-G431RB => set CPN to STM32G431RBT6
2022-12-09 14:25:17,457 [INFO] Mcu:1922 - Initializing MCU STM32G431R(6-8-B)Tx STM32G431RBTx STM32G431RBT6
2022-12-09 14:25:21,437 [INFO] Context:654 - Trying to add GPIOservice into a context  which must be forbidden
2022-12-09 14:25:22,270 [INFO] Rule:225 - rule 117617 - U5Cobra4M][GTZC] default value MPCBB3 and MPCBB5 - Not Secured memory - MPCBB1 is applicable
2022-12-09 14:25:22,270 [INFO] Rule:225 - rule 117617 - U5Cobra4M][GTZC] default value MPCBB3 and MPCBB5 - Not Secured memory - MPCBB1 is applicable
2022-12-09 14:25:22,270 [INFO] Rule:225 - rule 117617 - U5Cobra4M][GTZC] default value MPCBB3 and MPCBB5 - Not Secured memory - MPCBB2 is applicable
2022-12-09 14:25:22,270 [INFO] Rule:225 - rule 117617 - U5Cobra4M][GTZC] default value MPCBB3 and MPCBB5 - Not Secured memory - MPCBB2 is applicable
2022-12-09 14:25:22,270 [INFO] Rule:225 - rule 117617 - U5Cobra4M][GTZC] default value MPCBB3 and MPCBB5 - Not Secured memory - MPCBB3 is applicable
2022-12-09 14:25:22,270 [INFO] Rule:225 - rule 117617 - U5Cobra4M][GTZC] default value MPCBB3 and MPCBB5 - Not Secured memory - MPCBB3 is applicable
2022-12-09 14:25:22,270 [INFO] Rule:225 - rule 117617 - U5Cobra4M][GTZC] default value MPCBB3 and MPCBB5 - Not Secured memory - MPCBB4 is applicable
2022-12-09 14:25:22,270 [INFO] Rule:225 - rule 117617 - U5Cobra4M][GTZC] default value MPCBB3 and MPCBB5 - Not Secured memory - MPCBB4 is applicable
2022-12-09 14:25:22,270 [INFO] Rule:225 - rule 117617 - U5Cobra4M][GTZC] default value MPCBB3 and MPCBB5 - Secured memory - MPCBB1 is applicable
2022-12-09 14:25:22,270 [INFO] Rule:225 - rule 117617 - U5Cobra4M][GTZC] default value MPCBB3 and MPCBB5 - Secured memory - MPCBB2 is applicable
2022-12-09 14:25:22,270 [INFO] Rule:225 - rule 117617 - U5Cobra4M][GTZC] default value MPCBB3 and MPCBB5 - Secured memory - MPCBB3 is applicable
2022-12-09 14:25:22,270 [INFO] Rule:225 - rule 117617 - U5Cobra4M][GTZC] default value MPCBB3 and MPCBB5 - Secured memory - MPCBB4 is applicable
2022-12-09 14:25:22,270 [INFO] Rule:225 - rule 117617 - U5Cobra4M][GTZC] default value MPCBB3 and MPCBB5 - Privileged memory - MPCBB1 is applicable
2022-12-09 14:25:22,270 [INFO] Rule:225 - rule 117617 - U5Cobra4M][GTZC] default value MPCBB3 and MPCBB5 - Privileged memory - MPCBB2 is applicable
2022-12-09 14:25:22,270 [INFO] Rule:225 - rule 117617 - U5Cobra4M][GTZC] default value MPCBB3 and MPCBB5 - Privileged memory - MPCBB3 is applicable
2022-12-09 14:25:22,270 [INFO] Rule:225 - rule 117617 - U5Cobra4M][GTZC] default value MPCBB3 and MPCBB5 - Privileged memory - MPCBB4 is applicable
2022-12-09 14:25:22,270 [INFO] Rule:225 - rule 117617 - U5Cobra4M][GTZC] default value MPCBB3 and MPCBB5 - Not Privileged memory - MPCBB1 is applicable
2022-12-09 14:25:22,270 [INFO] Rule:225 - rule 117617 - U5Cobra4M][GTZC] default value MPCBB3 and MPCBB5 - Not Privileged memory - MPCBB2 is applicable
2022-12-09 14:25:22,270 [INFO] Rule:225 - rule 117617 - U5Cobra4M][GTZC] default value MPCBB3 and MPCBB5 - Not Privileged memory - MPCBB3 is applicable
2022-12-09 14:25:22,270 [INFO] Rule:225 - rule 117617 - U5Cobra4M][GTZC] default value MPCBB3 and MPCBB5 - Not Privileged memory - MPCBB4 is applicable
2022-12-09 14:25:22,270 [INFO] Rule:225 - rule 117617 - U5Cobra4M][GTZC] default value MPCBB3 and MPCBB5 - Privileged memory - MPCBB1 is applicable
2022-12-09 14:25:22,270 [INFO] Rule:225 - rule 117617 - U5Cobra4M][GTZC] default value MPCBB3 and MPCBB5 - Privileged memory - MPCBB2 is applicable
2022-12-09 14:25:22,270 [INFO] Rule:225 - rule 117617 - U5Cobra4M][GTZC] default value MPCBB3 and MPCBB5 - Privileged memory - MPCBB3 is applicable
2022-12-09 14:25:22,270 [INFO] Rule:225 - rule 117617 - U5Cobra4M][GTZC] default value MPCBB3 and MPCBB5 - Privileged memory - MPCBB4 is applicable
2022-12-09 14:25:22,270 [INFO] Rule:225 - rule 117617 - U5Cobra4M][GTZC] default value MPCBB3 and MPCBB5 - Privileged memory - MPCBB1 is applicable
2022-12-09 14:25:22,270 [INFO] Rule:225 - rule 117617 - U5Cobra4M][GTZC] default value MPCBB3 and MPCBB5 - Privileged memory - MPCBB2 is applicable
2022-12-09 14:25:22,270 [INFO] Rule:225 - rule 117617 - U5Cobra4M][GTZC] default value MPCBB3 and MPCBB5 - Privileged memory - MPCBB3 is applicable
2022-12-09 14:25:22,270 [INFO] Rule:225 - rule 117617 - U5Cobra4M][GTZC] default value MPCBB3 and MPCBB5 - Privileged memory - MPCBB4 is applicable
2022-12-09 14:25:22,270 [INFO] Rule:225 - rule 117617 - U5Cobra4M][GTZC] default value MPCBB3 and MPCBB5 - Not Privileged memory - MPCBB1 is applicable
2022-12-09 14:25:22,270 [INFO] Rule:225 - rule 117617 - U5Cobra4M][GTZC] default value MPCBB3 and MPCBB5 - Not Privileged memory - MPCBB2 is applicable
2022-12-09 14:25:22,270 [INFO] Rule:225 - rule 117617 - U5Cobra4M][GTZC] default value MPCBB3 and MPCBB5 - Not Privileged memory - MPCBB3 is applicable
2022-12-09 14:25:22,270 [INFO] Rule:225 - rule 117617 - U5Cobra4M][GTZC] default value MPCBB3 and MPCBB5 - Not Privileged memory - MPCBB4 is applicable
2022-12-09 14:25:22,270 [INFO] Rule:225 - rule 117617 - U5Cobra4M][GTZC] default value MPCBB3 and MPCBB5 - Privileged memory - MPCBB1 is applicable
2022-12-09 14:25:22,270 [INFO] Rule:225 - rule 117617 - U5Cobra4M][GTZC] default value MPCBB3 and MPCBB5 - Privileged memory - MPCBB2 is applicable
2022-12-09 14:25:22,270 [INFO] Rule:225 - rule 117617 - U5Cobra4M][GTZC] default value MPCBB3 and MPCBB5 - Privileged memory - MPCBB3 is applicable
2022-12-09 14:25:22,270 [INFO] Rule:225 - rule 117617 - U5Cobra4M][GTZC] default value MPCBB3 and MPCBB5 - Privileged memory - MPCBB4 is applicable
2022-12-09 14:25:22,270 [INFO] Rule:225 - rule Rename SubGHz_Phy SUBGHZ_APPLICATION SUBGHZ_PINGPONG to SUBGHZ_ADV_APPLICATION is applicable
2022-12-09 14:25:22,270 [INFO] Rule:225 - rule Rename Enabled to IBEACON is applicable
2022-12-09 14:25:22,270 [INFO] Rule:225 - rule GTZC_S instance for project manager is applicable
2022-12-09 14:25:22,270 [INFO] Rule:225 - rule GTZC_S instance for context M33S is applicable
2022-12-09 14:25:22,270 [INFO] Rule:225 - rule GTZC_S instance value for IP GTZC is applicable
2022-12-09 14:25:22,270 [INFO] Rule:225 - rule GTZC_S instance for mcu.IP is applicable
2022-12-09 14:25:22,270 [INFO] Rule:225 - rule GTZC_S instance for VP is applicable
2022-12-09 14:25:22,270 [INFO] Rule:225 - rule GTZC_S instance for signal is applicable
2022-12-09 14:25:22,270 [INFO] Rule:225 - rule GTZC_S instance for mcu.Pin is applicable
2022-12-09 14:25:22,270 [INFO] Rule:225 - rule GTZC_S instance for VP is applicable
2022-12-09 14:25:22,270 [INFO] Rule:225 - rule GTZC_S instance for signal is applicable
2022-12-09 14:25:22,270 [INFO] Rule:225 - rule GTZC_S instance for mcu is applicable
2022-12-09 14:25:22,270 [INFO] Rule:225 - rule GTZC_S instance for mcu.Pin is applicable
2022-12-09 14:25:22,270 [INFO] Rule:225 - rule GTZC_S instance value for IP GTZC is applicable
2022-12-09 14:25:22,270 [INFO] Rule:225 - rule GTZC_S instance for project manager is applicable
2022-12-09 14:25:22,270 [INFO] Rule:225 - rule GTZC_S instance for context M33S is applicable
2022-12-09 14:25:22,270 [INFO] Rule:225 - rule GTZC_S instance for VP is applicable
2022-12-09 14:25:22,270 [INFO] Rule:225 - rule GTZC_S instance for signal is applicable
2022-12-09 14:25:22,270 [INFO] Rule:225 - rule Change Default Value for ADC Clock Prescaler G0 family is applicable
2022-12-09 14:25:22,270 [INFO] Rule:225 - rule Change USART1CLockSelection refparam name for MP1 is applicable
2022-12-09 14:25:22,270 [INFO] Rule:225 - rule Change USART2CLockSelection refparam name for MP1 is applicable
2022-12-09 14:25:22,270 [INFO] Rule:225 - rule Change USART3CLockSelection refparam name for MP1 is applicable
2022-12-09 14:25:22,270 [INFO] Rule:225 - rule Change UART4CLockSelection refparam name for MP1 is applicable
2022-12-09 14:25:22,270 [INFO] Rule:225 - rule Change UART5CLockSelection refparam name for MP1 is applicable
2022-12-09 14:25:22,270 [INFO] Rule:225 - rule Change LPUART1CLockSelection refparam name for MP1 is applicable
2022-12-09 14:25:22,270 [INFO] Rule:225 - rule Change LPTIM1CLockSelection refparam name for MP1 is applicable
2022-12-09 14:25:22,270 [INFO] Rule:225 - rule Change LPTIM2CLockSelection refparam name for MP1 is applicable
2022-12-09 14:25:22,270 [INFO] Rule:225 - rule Change RCC_MCO1Source refparam name for MP1 is applicable
2022-12-09 14:25:22,270 [INFO] Rule:225 - rule Change LSCOSource1 refparam name for MP1 is applicable
2022-12-09 14:25:22,270 [INFO] Rule:225 - rule Change SMPSCLockSelection refparam name for MP1 is applicable
2022-12-09 14:25:22,270 [INFO] Rule:225 - rule Change LPTIM3CLockSelection refparam name for MP1 is applicable
2022-12-09 14:25:22,270 [INFO] Rule:225 - rule Change MPCBB* Default Template Mode to Parameters is applicable
2022-12-09 14:25:22,270 [INFO] Rule:225 - rule Change MPCWM* or MPCBB* Secure Mode to Parameters is applicable
2022-12-09 14:25:22,270 [INFO] Rule:225 - rule Change MPCWM* or MPCBB* No Secure Mode to Parameters is applicable
2022-12-09 14:25:22,270 [INFO] Rule:225 - rule Change TZSC IP Secure Mode to Parameters is applicable
2022-12-09 14:25:22,270 [INFO] Rule:225 - rule Change TZSC IP No Secure Mode to Parameters is applicable
2022-12-09 14:25:22,277 [INFO] Rule:225 - rule Change TZSC IP Privilege Mode to Parameters is applicable
2022-12-09 14:25:22,277 [INFO] Rule:225 - rule Change TZSC IP No Privilege Mode to Parameters is applicable
2022-12-09 14:25:22,277 [INFO] Rule:225 - rule Change TZIC IT Secure Mode to Parameters is applicable
2022-12-09 14:25:22,277 [INFO] Rule:225 - rule Change TZIC IT No Secure Mode to Parameters is applicable
2022-12-09 14:25:22,277 [INFO] Rule:225 - rule Add MPCBB1_NonSecureArea_Start_Address value with referenced to MPCBB1_NonSecureArea_Start value is applicable
2022-12-09 14:25:22,277 [INFO] Rule:225 - rule Add MPCBB2_NonSecureArea_Start_Address value with referenced to MPCBB2_NonSecureArea_Start value is applicable
2022-12-09 14:25:22,277 [INFO] Rule:225 - rule Add MPCWM1_NonSecureArea*_Start_Address value with referenced to MPCWM1_NonSecureArea*_Start value is applicable
2022-12-09 14:25:22,277 [INFO] Rule:225 - rule Add MPCWM2_NonSecureArea*_Start_Address value with referenced to MPCWM2_NonSecureArea*_Start value is applicable
2022-12-09 14:25:22,277 [INFO] Rule:225 - rule Add MPCWM3_NonSecureArea_Start_Address value with referenced to MPCWM3_NonSecureArea_Start value is applicable
2022-12-09 14:25:22,277 [INFO] Rule:225 - rule Change Default Value for PLL1UserDefinedConfig is applicable
2022-12-09 14:25:22,277 [INFO] Rule:225 - rule OPAMP is applicable
2022-12-09 14:25:22,277 [INFO] Rule:225 - rule LPUART IPParameter rename Prescaler parameter to ClockPrescaler for STM32H7 is applicable
2022-12-09 14:25:22,277 [INFO] Rule:225 - rule LPUART IPParameter rename Prescaler parameter to ClockPrescaler for STM32H7 is applicable
2022-12-09 14:25:22,277 [INFO] Rule:225 - rule LPUART IPParameter rename Prescaler parameter to ClockPrescaler for STM32WB is applicable
2022-12-09 14:25:22,277 [INFO] Rule:225 - rule LPUART IPParameter rename Prescaler parameter to ClockPrescaler for STM32WB is applicable
2022-12-09 14:25:22,277 [INFO] Rule:225 - rule LPUART IPParameter rename Prescaler parameter to ClockPrescaler for STM32G4 is applicable
2022-12-09 14:25:22,277 [INFO] Rule:225 - rule LPUART IPParameter rename Prescaler parameter to ClockPrescaler for STM32G4 is applicable
2022-12-09 14:25:22,277 [INFO] Rule:225 - rule LPUART IPParameter rename Prescaler parameter to ClockPrescaler for STM32L5 is applicable
2022-12-09 14:25:22,277 [INFO] Rule:225 - rule LPUART IPParameter rename Prescaler parameter to ClockPrescaler for STM32L5 is applicable
2022-12-09 14:25:22,277 [INFO] Rule:225 - rule LPUART IPParameter rename Prescaler parameter to ClockPrescaler for STM32G4 is applicable
2022-12-09 14:25:22,277 [INFO] Rule:225 - rule LPUART IPParameter rename Prescaler parameter to ClockPrescaler for STM32G4 is applicable
2022-12-09 14:25:22,277 [INFO] Rule:225 - rule USB device lib V2.5.3 for L0 rename USBD_SUPPORT_USER_STRING parameter to USBD_SUPPORT_USER_STRING_DESC4 is applicable
2022-12-09 14:25:22,277 [INFO] Rule:225 - rule I2SCLockSelection clock entry align is applicable
2022-12-09 14:25:22,277 [INFO] Rule:225 - rule Assign TIMx context if used as SYS timebase is applicable
2022-12-09 14:25:22,277 [INFO] Rule:225 - rule Change GPIO_Pu Default Value for I2C is applicable
2022-12-09 14:25:22,277 [INFO] Rule:225 - rule Change GPIO_Pu Default Value for SMBus is applicable
2022-12-09 14:25:22,277 [INFO] Rule:225 - rule change FDCAN default value is applicable
2022-12-09 14:25:22,277 [INFO] DbConfProperties:305 - Apply Compatibility (7/99 Rules)
2022-12-09 14:25:22,433 [WARN] ApiManager:308 - Cannot register API 'Board Extension:GNSS1A1' from pack STMicroelectronics.X-CUBE-GNSS1.6.0.0: no header file found
2022-12-09 14:25:22,433 [WARN] ApiManager:308 - Cannot register API 'Board Support:Custom' from pack STMicroelectronics.X-CUBE-GNSS1.6.0.0: no header file found
2022-12-09 14:25:22,433 [WARN] ApiManager:308 - Cannot register API 'Data Exchange:lib_gnss' from pack STMicroelectronics.X-CUBE-GNSS1.6.0.0: no header file found
2022-12-09 14:25:22,551 [WARN] ApiManager:308 - Cannot register API 'Board Extension:IKS01A3' from pack STMicroelectronics.X-CUBE-MEMS1.9.0.0: no header file found
2022-12-09 14:25:22,551 [WARN] ApiManager:308 - Cannot register API 'Board Extension:IKS01A2' from pack STMicroelectronics.X-CUBE-MEMS1.9.0.0: no header file found
2022-12-09 14:25:22,551 [WARN] ApiManager:308 - Cannot register API 'Board Extension:IKS02A1' from pack STMicroelectronics.X-CUBE-MEMS1.9.0.0: no header file found
2022-12-09 14:25:22,652 [WARN] ApiManager:308 - Cannot register API 'Board Extension:IKS01A3' from pack STMicroelectronics.X-CUBE-MEMS1.9.4.0: no header file found
2022-12-09 14:25:22,652 [WARN] ApiManager:308 - Cannot register API 'Board Extension:IKS01A2' from pack STMicroelectronics.X-CUBE-MEMS1.9.4.0: no header file found
2022-12-09 14:25:22,652 [WARN] ApiManager:308 - Cannot register API 'Board Extension:IKS02A1' from pack STMicroelectronics.X-CUBE-MEMS1.9.4.0: no header file found
2022-12-09 14:25:22,660 [WARN] ApiManager:308 - Cannot register API 'Wireless:BlueNRG-MS' from pack STMicroelectronics.X-CUBE-BLE1.6.2.3: no header file found
2022-12-09 14:25:22,660 [WARN] ApiManager:308 - Cannot register API 'Wireless:BlueNRG-MS' from pack STMicroelectronics.X-CUBE-BLE1.6.2.4: no header file found
2022-12-09 14:25:22,660 [INFO] RtosManager:488 - Registered RTOS mode: class=CMSIS, group=RTOS, mode=CMSIS_V1, owner=FREERTOS
2022-12-09 14:25:22,668 [INFO] RtosManager:488 - Registered RTOS mode: class=CMSIS, group=RTOS2, mode=CMSIS_V2, owner=FREERTOS
2022-12-09 14:25:22,668 [INFO] RtosManager:488 - Registered RTOS mode: class=RTOS, group=Core, mode=CMSIS_V1, owner=FREERTOS
2022-12-09 14:25:22,668 [INFO] RtosManager:488 - Registered RTOS mode: class=RTOS, group=Core, mode=CMSIS_V2, owner=FREERTOS
2022-12-09 14:25:22,668 [WARN] ModelIntegratedComponent:185 - Missing modes for component STMicroelectronics:FreeRTOS:0.0.1:STMicroelectronics:RTOS:FreeRTOS:Core:::10.2.0:
2022-12-09 14:25:22,668 [WARN] ApiManager:308 - Cannot register API 'Board Extension:S2868A1' from pack STMicroelectronics.X-CUBE-SUBG2.5.0.0: no header file found
2022-12-09 14:25:22,668 [WARN] ApiManager:308 - Cannot register API 'Board Extension:S2868A2' from pack STMicroelectronics.X-CUBE-SUBG2.5.0.0: no header file found
2022-12-09 14:25:22,668 [WARN] ApiManager:308 - Cannot register API 'Board Extension:S2915A1' from pack STMicroelectronics.X-CUBE-SUBG2.5.0.0: no header file found
2022-12-09 14:25:22,676 [WARN] ApiManager:308 - Cannot register API 'Wireless:BlueNRG-MS' from pack STMicroelectronics.X-CUBE-BLE1.6.2.1: no header file found
2022-12-09 14:25:22,676 [WARN] ApiManager:308 - Cannot register API 'Wireless:BlueNRG-MS' from pack STMicroelectronics.X-CUBE-BLE1.6.2.2: no header file found
2022-12-09 14:25:22,676 [WARN] ApiManager:308 - Cannot register API 'Board Extension:NFC04A1' from pack STMicroelectronics.X-CUBE-NFC4.2.0.5: no header file found
2022-12-09 14:25:22,676 [WARN] ApiManager:308 - Cannot register API 'Wireless:BlueNRG-2' from pack STMicroelectronics.X-CUBE-BLE2.3.2.1: no header file found
2022-12-09 14:25:22,676 [WARN] ApiManager:308 - Cannot register API 'Board Extension:NFC04A1' from pack STMicroelectronics.X-CUBE-NFC4.2.0.4: no header file found
2022-12-09 14:25:22,685 [WARN] ApiManager:308 - Cannot register API 'Wireless:BlueNRG-2' from pack STMicroelectronics.X-CUBE-BLE2.3.2.2: no header file found
2022-12-09 14:25:22,685 [WARN] ApiManager:308 - Cannot register API 'Board Extension:NFC04A1' from pack STMicroelectronics.X-CUBE-NFC4.2.0.3: no header file found
2022-12-09 14:25:22,685 [WARN] ApiManager:308 - Cannot register API 'Board Extension:S2868A1' from pack STMicroelectronics.X-CUBE-SFXS2LP1.3.1.0: no header file found
2022-12-09 14:25:22,685 [WARN] ApiManager:308 - Cannot register API 'Board Extension:S2868A2' from pack STMicroelectronics.X-CUBE-SFXS2LP1.3.1.0: no header file found
2022-12-09 14:25:22,685 [WARN] ApiManager:308 - Cannot register API 'Board Extension:S2915A1' from pack STMicroelectronics.X-CUBE-SFXS2LP1.3.1.0: no header file found
2022-12-09 14:25:22,693 [WARN] ModelIntegratedComponent:64 - No mode defined for component null
2022-12-09 14:25:22,693 [WARN] ModelIntegratedComponent:64 - No mode defined for component null
2022-12-09 14:25:22,693 [WARN] ModelIntegratedComponent:64 - No mode defined for component null
2022-12-09 14:25:22,693 [WARN] ModelIntegratedComponent:64 - No mode defined for component null
2022-12-09 14:25:22,693 [WARN] ModelIntegratedComponent:64 - No mode defined for component null
2022-12-09 14:25:22,693 [WARN] ModelIntegratedComponent:64 - No mode defined for component null
2022-12-09 14:25:22,693 [WARN] ModelIntegratedComponent:64 - No mode defined for component null
2022-12-09 14:25:22,693 [WARN] ModelIntegratedComponent:64 - No mode defined for component null
2022-12-09 14:25:22,693 [WARN] ModelIntegratedComponent:64 - No mode defined for component null
2022-12-09 14:25:22,693 [WARN] ModelIntegratedComponent:64 - No mode defined for component null
2022-12-09 14:25:22,693 [WARN] ModelIntegratedComponent:64 - No mode defined for component null
2022-12-09 14:25:22,693 [WARN] ModelIntegratedComponent:64 - No mode defined for component null
2022-12-09 14:25:22,693 [WARN] ModelIntegratedComponent:64 - No mode defined for component null
2022-12-09 14:25:22,693 [WARN] ModelIntegratedComponent:64 - No mode defined for component null
2022-12-09 14:25:22,693 [WARN] ModelIntegratedComponent:64 - No mode defined for component null
2022-12-09 14:25:22,693 [WARN] ModelIntegratedComponent:64 - No mode defined for component null
2022-12-09 14:25:22,693 [WARN] ModelIntegratedComponent:64 - No mode defined for component null
2022-12-09 14:25:22,693 [WARN] ModelIntegratedComponent:64 - No mode defined for component null
2022-12-09 14:25:22,693 [WARN] ModelIntegratedComponent:64 - No mode defined for component null
2022-12-09 14:25:22,693 [WARN] ModelIntegratedComponent:64 - No mode defined for component null
2022-12-09 14:25:22,693 [WARN] ModelIntegratedComponent:64 - No mode defined for component null
2022-12-09 14:25:22,693 [WARN] ModelIntegratedComponent:64 - No mode defined for component null
2022-12-09 14:25:22,693 [WARN] ModelIntegratedComponent:64 - No mode defined for component null
2022-12-09 14:25:22,693 [WARN] ModelIntegratedComponent:64 - No mode defined for component null
2022-12-09 14:25:22,693 [WARN] ModelIntegratedComponent:64 - No mode defined for component null
2022-12-09 14:25:22,693 [WARN] ModelIntegratedComponent:64 - No mode defined for component null
2022-12-09 14:25:22,693 [WARN] ModelIntegratedComponent:64 - No mode defined for component null
2022-12-09 14:25:22,693 [WARN] ModelIntegratedComponent:64 - No mode defined for component null
2022-12-09 14:25:22,693 [WARN] ModelIntegratedComponent:64 - No mode defined for component null
2022-12-09 14:25:22,693 [WARN] ModelIntegratedComponent:64 - No mode defined for component null
2022-12-09 14:25:22,693 [WARN] ModelIntegratedComponent:64 - No mode defined for component null
2022-12-09 14:25:22,693 [WARN] ModelIntegratedComponent:64 - No mode defined for component null
2022-12-09 14:25:22,693 [WARN] ModelIntegratedComponent:64 - No mode defined for component null
2022-12-09 14:25:22,693 [WARN] ApiManager:308 - Cannot register API 'Board Extension:NFC07A1' from pack STMicroelectronics.X-CUBE-NFC7.1.0.0: no header file found
2022-12-09 14:25:22,701 [WARN] ApiManager:308 - Cannot register API 'Board Extension:S2868A1' from pack STMicroelectronics.X-CUBE-SUBG2.4.2.0: no header file found
2022-12-09 14:25:22,701 [WARN] ApiManager:308 - Cannot register API 'Board Extension:S2868A2' from pack STMicroelectronics.X-CUBE-SUBG2.4.2.0: no header file found
2022-12-09 14:25:22,701 [WARN] ApiManager:308 - Cannot register API 'Board Extension:S2915A1' from pack STMicroelectronics.X-CUBE-SUBG2.4.2.0: no header file found
2022-12-09 14:25:22,768 [WARN] ApiManager:308 - Cannot register API 'Board Extension:IKS01A3' from pack STMicroelectronics.X-CUBE-MEMS1.9.1.0: no header file found
2022-12-09 14:25:22,768 [WARN] ApiManager:308 - Cannot register API 'Board Extension:IKS01A2' from pack STMicroelectronics.X-CUBE-MEMS1.9.1.0: no header file found
2022-12-09 14:25:22,768 [WARN] ApiManager:308 - Cannot register API 'Board Extension:IKS02A1' from pack STMicroelectronics.X-CUBE-MEMS1.9.1.0: no header file found
2022-12-09 14:25:22,849 [WARN] ApiManager:308 - Cannot register API 'Board Extension:IKS01A3' from pack STMicroelectronics.X-CUBE-MEMS1.9.3.0: no header file found
2022-12-09 14:25:22,849 [WARN] ApiManager:308 - Cannot register API 'Board Extension:IKS01A2' from pack STMicroelectronics.X-CUBE-MEMS1.9.3.0: no header file found
2022-12-09 14:25:22,849 [WARN] ApiManager:308 - Cannot register API 'Board Extension:IKS02A1' from pack STMicroelectronics.X-CUBE-MEMS1.9.3.0: no header file found
2022-12-09 14:25:22,857 [WARN] ApiManager:308 - Cannot register API 'Board Extension:EEPRMA1' from pack STMicroelectronics.X-CUBE-EEPRMA1.3.1.0: no header file found
2022-12-09 14:25:22,857 [WARN] ApiManager:308 - Cannot register API 'Board Extension:EEPRMA2' from pack STMicroelectronics.X-CUBE-EEPRMA1.3.1.0: no header file found
2022-12-09 14:25:22,857 [WARN] ApiManager:308 - Cannot register API 'Board Extension:EEPRMA1' from pack STMicroelectronics.X-CUBE-EEPRMA1.3.1.1: no header file found
2022-12-09 14:25:22,857 [WARN] ApiManager:308 - Cannot register API 'Board Extension:EEPRMA2' from pack STMicroelectronics.X-CUBE-EEPRMA1.3.1.1: no header file found
2022-12-09 14:25:22,857 [WARN] ApiManager:308 - Cannot register API 'Board Extension:GNSS1A1' from pack STMicroelectronics.X-CUBE-GNSS1.5.2.0: no header file found
2022-12-09 14:25:22,857 [WARN] ApiManager:308 - Cannot register API 'Board Support:Custom' from pack STMicroelectronics.X-CUBE-GNSS1.5.2.0: no header file found
2022-12-09 14:25:22,857 [WARN] ApiManager:308 - Cannot register API 'Data Exchange:lib_gnss' from pack STMicroelectronics.X-CUBE-GNSS1.5.2.0: no header file found
2022-12-09 14:25:22,857 [WARN] ApiManager:308 - Cannot register API 'Board Extension:S2868A1' from pack STMicroelectronics.X-CUBE-SFXS2LP1.4.0.0: no header file found
2022-12-09 14:25:22,857 [WARN] ApiManager:308 - Cannot register API 'Board Extension:S2868A2' from pack STMicroelectronics.X-CUBE-SFXS2LP1.4.0.0: no header file found
2022-12-09 14:25:22,857 [WARN] ApiManager:308 - Cannot register API 'Board Extension:S2915A1' from pack STMicroelectronics.X-CUBE-SFXS2LP1.4.0.0: no header file found
2022-12-09 14:25:22,865 [WARN] ApiManager:308 - Cannot register API 'Wireless:BlueNRG-2' from pack STMicroelectronics.X-CUBE-BLE2.3.3.0: no header file found
2022-12-09 14:25:22,884 [INFO] ThirdPartyModel:289 - Start build external matchings
2022-12-09 14:25:24,372 [INFO] ThirdPartyModel:302 - End build external matchings
2022-12-09 14:25:24,439 [INFO] ImportTextPane:193 - (OptionalMessage_ERROR) IP (RCC) : Invalid parameter (FamilyName)
2022-12-09 14:25:24,439 [INFO] ImportTextPane:193 - (OptionalMessage_ERROR) IP (RCC) : Parameter (RNGFreq_Value) has invalid value (170000000)
2022-12-09 14:25:24,439 [INFO] ImportTextPane:193 - (OptionalMessage_ERROR) IP (RCC) : Parameter (USBFreq_Value) has invalid value (170000000)
2022-12-09 14:25:24,876 [INFO] UtilMem:74 - End LoadConfig() Used Memory: 677268792 Bytes (772800512)
2022-12-09 14:25:25,014 [WARN] ThirdParty:789 - waiting for thirdparty lock release [change project]
2022-12-09 14:25:25,014 [INFO] ThirdParty:791 - entering critical section [change project]
2022-12-09 14:25:25,014 [INFO] ThirdParty:981 - CMSIS Pack Vendor :STMicroelectronics X-CUBE-ISPU 1.1.0
2022-12-09 14:25:25,014 [INFO] ThirdParty:981 - CMSIS Pack Vendor :RoweBots I-CUBE-UNISONRTOS 5.5.0-4
2022-12-09 14:25:25,014 [INFO] ThirdParty:981 - CMSIS Pack Vendor :STMicroelectronics X-CUBE-GNSS1 6.0.0
2022-12-09 14:25:25,014 [INFO] ThirdParty:981 - CMSIS Pack Vendor :STMicroelectronics X-CUBE-AZRTOS-H7 2.1.0
2022-12-09 14:25:25,014 [INFO] ThirdParty:981 - CMSIS Pack Vendor :STMicroelectronics USB_HOST 2.0.0
2022-12-09 14:25:25,014 [INFO] ThirdParty:981 - CMSIS Pack Vendor :STMicroelectronics X-CUBE-AZRTOS-F4 1.1.0
2022-12-09 14:25:25,014 [INFO] ThirdParty:981 - CMSIS Pack Vendor :STMicroelectronics LIBJPEG 8.0.0
2022-12-09 14:25:25,014 [INFO] ThirdParty:981 - CMSIS Pack Vendor :STMicroelectronics USB_DEVICE 3.0.0
2022-12-09 14:25:25,022 [INFO] ThirdParty:981 - CMSIS Pack Vendor :STMicroelectronics X-CUBE-BLEMGR 1.0.0
2022-12-09 14:25:25,022 [INFO] ThirdParty:981 - CMSIS Pack Vendor :STMicroelectronics X-CUBE-MEMS1 9.0.0
2022-12-09 14:25:25,022 [INFO] ThirdParty:981 - CMSIS Pack Vendor :STMicroelectronics X-CUBE-BLEMGR 1.2.0
2022-12-09 14:25:25,022 [INFO] ThirdParty:981 - CMSIS Pack Vendor :STMicroelectronics X-CUBE-AZRTOS-F7 1.1.0
2022-12-09 14:25:25,022 [INFO] ThirdParty:981 - CMSIS Pack Vendor :STMicroelectronics X-CUBE-MEMS1 9.4.0
2022-12-09 14:25:25,022 [INFO] ThirdParty:981 - CMSIS Pack Vendor :STMicroelectronics USB_DEVICE 2.0.0
2022-12-09 14:25:25,022 [INFO] ThirdParty:981 - CMSIS Pack Vendor :STMicroelectronics X-CUBE-AI 7.3.0
2022-12-09 14:25:25,022 [INFO] ThirdParty:981 - CMSIS Pack Vendor :STMicroelectronics X-CUBE-BLE1 6.2.3
2022-12-09 14:25:25,022 [INFO] ThirdParty:981 - CMSIS Pack Vendor :STMicroelectronics X-CUBE-ALGOBUILD 1.3.0
2022-12-09 14:25:25,022 [INFO] ThirdParty:981 - CMSIS Pack Vendor :STMicroelectronics X-CUBE-BLE1 6.2.4
2022-12-09 14:25:25,022 [INFO] ThirdParty:981 - CMSIS Pack Vendor :STMicroelectronics FreeRTOS 0.0.1
2022-12-09 14:25:25,022 [INFO] ThirdParty:981 - CMSIS Pack Vendor :STMicroelectronics X-CUBE-AZRTOS-G0 1.1.0
2022-12-09 14:25:25,022 [INFO] ThirdParty:981 - CMSIS Pack Vendor :STMicroelectronics X-CUBE-SUBG2 5.0.0
2022-12-09 14:25:25,022 [INFO] ThirdParty:981 - CMSIS Pack Vendor :SEGGER I-CUBE-embOS 1.2.0
2022-12-09 14:25:25,022 [INFO] ThirdParty:981 - CMSIS Pack Vendor :STMicroelectronics STM32_WPAN 1.0.0
2022-12-09 14:25:25,022 [INFO] ThirdParty:981 - CMSIS Pack Vendor :STMicroelectronics lwIP 2.0.3
2022-12-09 14:25:25,022 [INFO] ThirdParty:981 - CMSIS Pack Vendor :STMicroelectronics X-CUBE-BLE1 6.2.1
2022-12-09 14:25:25,022 [INFO] ThirdParty:981 - CMSIS Pack Vendor :STMicroelectronics X-CUBE-BLE1 6.2.2
2022-12-09 14:25:25,022 [INFO] ThirdParty:981 - CMSIS Pack Vendor :STMicroelectronics X-CUBE-NFC4 2.0.5
2022-12-09 14:25:25,022 [INFO] ThirdParty:981 - CMSIS Pack Vendor :STMicroelectronics X-CUBE-BLE2 3.2.1
2022-12-09 14:25:25,022 [INFO] ThirdParty:981 - CMSIS Pack Vendor :STMicroelectronics X-CUBE-NFC4 2.0.4
2022-12-09 14:25:25,022 [INFO] ThirdParty:981 - CMSIS Pack Vendor :STMicroelectronics X-CUBE-BLE2 3.2.2
2022-12-09 14:25:25,022 [INFO] ThirdParty:981 - CMSIS Pack Vendor :STMicroelectronics USB_HOST 1.0.0
2022-12-09 14:25:25,022 [INFO] ThirdParty:981 - CMSIS Pack Vendor :STMicroelectronics X-CUBE-NFC4 2.0.3
2022-12-09 14:25:25,022 [INFO] ThirdParty:981 - CMSIS Pack Vendor :wolfSSL I-CUBE-wolfSSL 4.8.0
2022-12-09 14:25:25,022 [INFO] ThirdParty:981 - CMSIS Pack Vendor :STMicroelectronics X-CUBE-TOUCHGFX 4.17.0
2022-12-09 14:25:25,022 [INFO] ThirdParty:981 - CMSIS Pack Vendor :STMicroelectronics PDM2PCM 3.1.0
2022-12-09 14:25:25,022 [INFO] ThirdParty:981 - CMSIS Pack Vendor :STMicroelectronics FP-ATR-ASTRA1 1.1.1
2022-12-09 14:25:25,022 [INFO] ThirdParty:981 - CMSIS Pack Vendor :STMicroelectronics PDM2PCM 3.3.0
2022-12-09 14:25:25,022 [INFO] ThirdParty:981 - CMSIS Pack Vendor :STMicroelectronics X-CUBE-TOF1 3.1.0
2022-12-09 14:25:25,022 [INFO] ThirdParty:981 - CMSIS Pack Vendor :STMicroelectronics X-CUBE-SFXS2LP1 3.1.0
2022-12-09 14:25:25,022 [INFO] ThirdParty:981 - CMSIS Pack Vendor :STMicroelectronics X-CUBE-BLEMGR 1.3.0
2022-12-09 14:25:25,022 [INFO] ThirdParty:981 - CMSIS Pack Vendor :STMicroelectronics X-CUBE-AZRTOS-F4 1.0.0
2022-12-09 14:25:25,022 [INFO] ThirdParty:981 - CMSIS Pack Vendor :STMicroelectronics X-CUBE-AZRTOS-H7 2.0.0
2022-12-09 14:25:25,022 [INFO] ThirdParty:981 - CMSIS Pack Vendor :STMicroelectronics X-CUBE-AZRTOS-G4 1.0.0
2022-12-09 14:25:25,022 [INFO] ThirdParty:981 - CMSIS Pack Vendor :STMicroelectronics FP-ATR-SIGFOX1 3.2.0
2022-12-09 14:25:25,022 [INFO] ThirdParty:981 - CMSIS Pack Vendor :STMicroelectronics X-CUBE-AZRTOS-L4 1.0.0
2022-12-09 14:25:25,022 [INFO] ThirdParty:981 - CMSIS Pack Vendor :STMicroelectronics X-CUBE-TOF1 2.0.0
2022-12-09 14:25:25,022 [INFO] ThirdParty:981 - CMSIS Pack Vendor :STMicroelectronics HAL Drivers 0.0.0
2022-12-09 14:25:25,022 [INFO] ThirdParty:981 - CMSIS Pack Vendor :STMicroelectronics MBEDTLS 2.16.2
2022-12-09 14:25:25,022 [INFO] ThirdParty:981 - CMSIS Pack Vendor :emotas I-CUBE-CANOPEN 1.1.2
2022-12-09 14:25:25,022 [INFO] ThirdParty:981 - CMSIS Pack Vendor :STMicroelectronics X-CUBE-TOUCHGFX 4.20.0
2022-12-09 14:25:25,022 [INFO] ThirdParty:981 - CMSIS Pack Vendor :STMicroelectronics MBEDTLS 2.14.1
2022-12-09 14:25:25,022 [INFO] ThirdParty:981 - CMSIS Pack Vendor :STMicroelectronics X-CUBE-NFC7 1.0.0
2022-12-09 14:25:25,022 [INFO] ThirdParty:981 - CMSIS Pack Vendor :STMicroelectronics X-CUBE-AZRTOS-WL 1.0.0
2022-12-09 14:25:25,022 [INFO] ThirdParty:981 - CMSIS Pack Vendor :STMicroelectronics X-CUBE-SUBG2 4.2.0
2022-12-09 14:25:25,022 [INFO] ThirdParty:981 - CMSIS Pack Vendor :STMicroelectronics X-CUBE-MEMS1 9.1.0
2022-12-09 14:25:25,022 [INFO] ThirdParty:981 - CMSIS Pack Vendor :STMicroelectronics X-CUBE-MEMS1 9.3.0
2022-12-09 14:25:25,022 [INFO] ThirdParty:981 - CMSIS Pack Vendor :portGmbH I-Cube-SoM-uGOAL 1.1.0
2022-12-09 14:25:25,022 [INFO] ThirdParty:981 - CMSIS Pack Vendor :STMicroelectronics X-CUBE-ALS 1.0.1
2022-12-09 14:25:25,022 [INFO] ThirdParty:981 - CMSIS Pack Vendor :STMicroelectronics X-CUBE-AI 7.2.0
2022-12-09 14:25:25,022 [INFO] ThirdParty:981 - CMSIS Pack Vendor :STMicroelectronics X-CUBE-AI 7.0.0
2022-12-09 14:25:25,022 [INFO] ThirdParty:981 - CMSIS Pack Vendor :STMicroelectronics ThreadX 1.0.0
2022-12-09 14:25:25,022 [INFO] ThirdParty:981 - CMSIS Pack Vendor :STMicroelectronics X-CUBE-ALGOBUILD 1.2.1
2022-12-09 14:25:25,022 [INFO] ThirdParty:981 - CMSIS Pack Vendor :STMicroelectronics X-CUBE-DISPLAY 1.0.0
2022-12-09 14:25:25,022 [INFO] ThirdParty:981 - CMSIS Pack Vendor :STMicroelectronics X-CUBE-AZRTOS-L5 1.0.0
2022-12-09 14:25:25,022 [INFO] ThirdParty:981 - CMSIS Pack Vendor :STMicroelectronics USB_DEVICE 1.0.0
2022-12-09 14:25:25,022 [INFO] ThirdParty:981 - CMSIS Pack Vendor :STMicroelectronics X-CUBE-EEPRMA1 3.1.0
2022-12-09 14:25:25,022 [INFO] ThirdParty:981 - CMSIS Pack Vendor :STMicroelectronics X-CUBE-EEPRMA1 3.1.1
2022-12-09 14:25:25,030 [INFO] ThirdParty:981 - CMSIS Pack Vendor :STMicroelectronics X-CUBE-GNSS1 5.2.0
2022-12-09 14:25:25,030 [INFO] ThirdParty:981 - CMSIS Pack Vendor :STMicroelectronics ThreadX 0.0.2
2022-12-09 14:25:25,030 [INFO] ThirdParty:981 - CMSIS Pack Vendor :STMicroelectronics lwIP 2.1.2
2022-12-09 14:25:25,030 [INFO] ThirdParty:981 - CMSIS Pack Vendor :STMicroelectronics X-CUBE-SFXS2LP1 4.0.0
2022-12-09 14:25:25,030 [INFO] ThirdParty:981 - CMSIS Pack Vendor :STMicroelectronics X-CUBE-BLE2 3.3.0
2022-12-09 14:25:25,030 [INFO] ThirdParty:981 - CMSIS Pack Vendor :STMicroelectronics X-CUBE-DISPLAY 2.0.0
2022-12-09 14:25:25,030 [INFO] ThirdParty:981 - CMSIS Pack Vendor :STMicroelectronics X-CUBE-DISPLAY 2.2.0
2022-12-09 14:25:25,030 [INFO] ThirdParty:981 - CMSIS Pack Vendor :STMicroelectronics X-CUBE-TOF1 3.2.0
2022-12-09 14:25:25,030 [INFO] ThirdParty:981 - CMSIS Pack Vendor :STMicroelectronics PDM2PCM 3.2.0
2022-12-09 14:25:25,030 [INFO] ThirdParty:981 - CMSIS Pack Vendor :STMicroelectronics X-CUBE-TOUCHGFX 4.18.0
2022-12-09 14:25:25,030 [INFO] ThirdParty:981 - CMSIS Pack Vendor :STMicroelectronics X-CUBE-ISPU 1.0.0
2022-12-09 14:25:25,030 [INFO] ThirdParty:797 - exiting critical section [change project]
2022-12-09 14:25:25,484 [INFO] PinOutPanel:1468 - setPackage(No Configuration,No Configuration)
2022-12-09 14:25:25,484 [INFO] PinOutPanel:1468 - setPackage(STM32G431RBTx,LQFP64)
2022-12-09 14:25:26,152 [INFO] UtilMem:74 - Before build in PCC Used Memory: 615738672 Bytes (772800512)
2022-12-09 14:25:27,181 [INFO] UtilMem:74 - After build in PCC Used Memory: 681489312 Bytes (772800512)
2022-12-09 14:25:27,218 [INFO] IPUIPlugin:79 - create IPUIPlugin
2022-12-09 14:25:27,218 [INFO] IPUIPlugin:79 - create IPUIPlugin
2022-12-09 14:25:27,224 [INFO] IPUIPlugin:79 - create IPUIPlugin
2022-12-09 14:25:27,224 [INFO] IPUIPlugin:79 - create IPUIPlugin
2022-12-09 14:25:27,224 [INFO] IPUIPlugin:79 - create IPUIPlugin
2022-12-09 14:25:27,224 [INFO] IPUIPlugin:79 - create IPUIPlugin
2022-12-09 14:25:27,224 [INFO] IPUIPlugin:79 - create IPUIPlugin
2022-12-09 14:25:27,225 [INFO] IPUIPlugin:79 - create IPUIPlugin
2022-12-09 14:25:27,226 [INFO] IPUIPlugin:79 - create IPUIPlugin
2022-12-09 14:25:27,226 [INFO] IPUIPlugin:79 - create IPUIPlugin
2022-12-09 14:25:27,226 [INFO] IPUIPlugin:79 - create IPUIPlugin
2022-12-09 14:25:27,226 [INFO] IPUIPlugin:79 - create IPUIPlugin
2022-12-09 14:25:27,226 [INFO] IPUIPlugin:79 - create IPUIPlugin
2022-12-09 14:25:27,226 [INFO] IPUIPlugin:79 - create IPUIPlugin
2022-12-09 14:25:27,226 [INFO] IPUIPlugin:79 - create IPUIPlugin
2022-12-09 14:25:27,226 [INFO] IPUIPlugin:79 - create IPUIPlugin
2022-12-09 14:25:27,226 [INFO] IPUIPlugin:79 - create IPUIPlugin
2022-12-09 14:25:27,228 [INFO] IPUIPlugin:79 - create IPUIPlugin
2022-12-09 14:25:27,228 [INFO] IPUIPlugin:79 - create IPUIPlugin
2022-12-09 14:25:27,228 [INFO] IPUIPlugin:79 - create IPUIPlugin
2022-12-09 14:25:27,228 [INFO] IPUIPlugin:79 - create IPUIPlugin
2022-12-09 14:25:27,228 [INFO] IPUIPlugin:79 - create IPUIPlugin
2022-12-09 14:25:27,228 [INFO] IPUIPlugin:79 - create IPUIPlugin
2022-12-09 14:25:27,228 [INFO] IPUIPlugin:79 - create IPUIPlugin
2022-12-09 14:25:27,228 [INFO] IPUIPlugin:79 - create IPUIPlugin
2022-12-09 14:25:27,228 [INFO] IPUIPlugin:79 - create IPUIPlugin
2022-12-09 14:25:27,232 [INFO] IPUIPlugin:79 - create IPUIPlugin
2022-12-09 14:25:27,232 [INFO] IPUIPlugin:79 - create IPUIPlugin
2022-12-09 14:25:27,232 [INFO] IPUIPlugin:79 - create IPUIPlugin
2022-12-09 14:25:27,232 [INFO] IPUIPlugin:79 - create IPUIPlugin
2022-12-09 14:25:27,234 [INFO] IPUIPlugin:79 - create IPUIPlugin
2022-12-09 14:25:27,234 [INFO] IPUIPlugin:79 - create IPUIPlugin
2022-12-09 14:25:27,234 [INFO] IPUIPlugin:79 - create IPUIPlugin
2022-12-09 14:25:27,234 [INFO] IPUIPlugin:79 - create IPUIPlugin
2022-12-09 14:25:27,234 [INFO] IPUIPlugin:79 - create IPUIPlugin
2022-12-09 14:25:27,234 [INFO] IPUIPlugin:79 - create IPUIPlugin
2022-12-09 14:25:27,234 [INFO] IPUIPlugin:79 - create IPUIPlugin
2022-12-09 14:25:27,234 [INFO] IPUIPlugin:79 - create IPUIPlugin
2022-12-09 14:25:27,234 [INFO] IPUIPlugin:79 - create IPUIPlugin
2022-12-09 14:25:27,234 [INFO] IPUIPlugin:79 - create IPUIPlugin
2022-12-09 14:25:27,243 [INFO] IPUIPlugin:79 - create IPUIPlugin
2022-12-09 14:25:27,244 [INFO] IPUIPlugin:79 - create IPUIPlugin
2022-12-09 14:25:27,244 [INFO] IPUIPlugin:79 - create IPUIPlugin
2022-12-09 14:25:27,244 [INFO] IPUIPlugin:79 - create IPUIPlugin
2022-12-09 14:25:27,244 [INFO] IPUIPlugin:79 - create IPUIPlugin
2022-12-09 14:25:27,244 [INFO] IPUIPlugin:79 - create IPUIPlugin
2022-12-09 14:25:27,244 [INFO] IPUIPlugin:79 - create IPUIPlugin
2022-12-09 14:25:27,244 [INFO] IPUIPlugin:79 - create IPUIPlugin
2022-12-09 14:25:27,244 [INFO] IPUIPlugin:79 - create IPUIPlugin
2022-12-09 14:25:27,252 [INFO] IPUIPlugin:79 - create IPUIPlugin
2022-12-09 14:25:27,252 [INFO] IPUIPlugin:79 - create IPUIPlugin
2022-12-09 14:25:27,252 [INFO] IPUIPlugin:79 - create IPUIPlugin
2022-12-09 14:25:27,252 [INFO] IPUIPlugin:79 - create IPUIPlugin
2022-12-09 14:25:27,257 [INFO] IPUIPlugin:79 - create IPUIPlugin
2022-12-09 14:25:27,257 [INFO] IPUIPlugin:79 - create IPUIPlugin
2022-12-09 14:25:27,257 [INFO] IPUIPlugin:79 - create IPUIPlugin
2022-12-09 14:25:27,257 [INFO] IPUIPlugin:79 - create IPUIPlugin
2022-12-09 14:25:27,257 [INFO] IPUIPlugin:79 - create IPUIPlugin
2022-12-09 14:25:27,519 [INFO] OpenFileManager:327 - Restore cursor
2022-12-09 14:25:28,507 [INFO] UtilMem:74 - End SaveConfig() Used Memory: 685600480 Bytes (772800512)
2022-12-09 14:25:28,604 [INFO] UtilMem:74 - End SaveConfig() Used Memory: 635673576 Bytes (772800512)
2022-12-09 14:25:29,221 [INFO] BlockDiagram:2753 - set Specific Code input for plugin: SYS
2022-12-09 14:25:29,221 [INFO] BlockDiagram:2753 - set Specific Code input for plugin: RCC
2022-12-09 14:25:29,221 [INFO] BlockDiagram:2753 - set Specific Code input for plugin: LPUART
2022-12-09 14:25:29,221 [INFO] BlockDiagram:2753 - set Specific Code input for plugin: NVIC
2022-12-09 14:25:29,222 [INFO] BlockDiagram:2753 - set Specific Code input for plugin: GPIO
2022-12-09 14:25:29,225 [INFO] CodeGenerator:690 - code generatio: config db path: C:\ST\STM32CubeIDE_1.10.1\STM32CubeIDE\plugins\com.st.stm32cube.common.mx_6.6.1.202207061420\\db\
2022-12-09 14:25:29,738 [INFO] CodeEngine:245 - oldGeneratedFile, C:\Users\erwan\GIT\PROJET3A\PROJET3A\MXTmpFiles\license.tmp_save
2022-12-09 14:25:30,265 [INFO] CodeEngine:269 - Generated code: C:\Users\erwan\GIT\PROJET3A\PROJET3A\MXTmpFiles\license.tmp
2022-12-09 14:25:30,425 [INFO] CodeEngine:245 - oldGeneratedFile, C:\Users\erwan\GIT\PROJET3A\PROJET3A\MXTmpFiles\gpio.tmp_save
2022-12-09 14:25:30,559 [INFO] CodeEngine:269 - Generated code: C:\Users\erwan\GIT\PROJET3A\PROJET3A\MXTmpFiles\gpio.tmp
2022-12-09 14:25:30,807 [INFO] CodeEngine:245 - oldGeneratedFile, C:\Users\erwan\GIT\PROJET3A\PROJET3A\Core\Src\stm32g4xx_it.c_save
2022-12-09 14:25:30,983 [INFO] CodeEngine:269 - Generated code: C:\Users\erwan\GIT\PROJET3A\PROJET3A\Core\Src\stm32g4xx_it.c
2022-12-09 14:25:30,991 [INFO] CodeEngine:245 - oldGeneratedFile, C:\Users\erwan\GIT\PROJET3A\PROJET3A\Core\Inc\stm32g4xx_it.h_save
2022-12-09 14:25:31,075 [INFO] CodeEngine:269 - Generated code: C:\Users\erwan\GIT\PROJET3A\PROJET3A\Core\Inc\stm32g4xx_it.h
2022-12-09 14:25:31,092 [INFO] CodeEngine:245 - oldGeneratedFile, C:\Users\erwan\GIT\PROJET3A\PROJET3A\Core\Src\stm32g4xx_hal_msp.c_save
2022-12-09 14:25:31,232 [INFO] CodeEngine:269 - Generated code: C:\Users\erwan\GIT\PROJET3A\PROJET3A\Core\Src\stm32g4xx_hal_msp.c
2022-12-09 14:25:31,235 [INFO] CodeEngine:245 - oldGeneratedFile, C:\Users\erwan\GIT\PROJET3A\PROJET3A\MXTmpFiles\system.tmp_save
2022-12-09 14:25:31,343 [INFO] CodeEngine:269 - Generated code: C:\Users\erwan\GIT\PROJET3A\PROJET3A\MXTmpFiles\system.tmp
2022-12-09 14:25:31,359 [INFO] CodeEngine:245 - oldGeneratedFile, C:\Users\erwan\GIT\PROJET3A\PROJET3A\Core\Inc\stm32g4xx_hal_conf.h_save
2022-12-09 14:25:31,468 [INFO] CodeEngine:269 - Generated code: C:\Users\erwan\GIT\PROJET3A\PROJET3A\Core\Inc\stm32g4xx_hal_conf.h
2022-12-09 14:25:31,494 [WARN] IPConfigManager:2910 - Warning: the RefConfig RCC_CommonPeriphClockConfig is not available in your config.xml file
2022-12-09 14:25:31,510 [INFO] CodeEngine:245 - oldGeneratedFile, C:\Users\erwan\GIT\PROJET3A\PROJET3A\Core\Inc\main.h_save
2022-12-09 14:25:31,637 [INFO] CodeEngine:269 - Generated code: C:\Users\erwan\GIT\PROJET3A\PROJET3A\Core\Inc\main.h
2022-12-09 14:25:31,647 [INFO] CodeEngine:245 - oldGeneratedFile, C:\Users\erwan\GIT\PROJET3A\PROJET3A\Core\Src\main.c_save
2022-12-09 14:25:31,906 [INFO] CodeEngine:269 - Generated code: C:\Users\erwan\GIT\PROJET3A\PROJET3A\Core\Src\main.c
2022-12-09 14:25:32,859 [INFO] ProjectBuilder:2919 - Time for Copy HAL[1] : 218mS.
2022-12-09 14:25:32,879 [INFO] ProjectBuilder:4117 - Project Generator version: 3.17.1
2022-12-09 14:25:33,399 [INFO] ConfigFileManager:1394 - The Die is : DIE468
2022-12-09 14:25:33,403 [INFO] ApiDbMcu:505 - Load IP Config File for FATFS
2022-12-09 14:25:33,412 [INFO] ApiDbMcu:505 - Load IP Config File for FREERTOS
2022-12-09 14:25:33,423 [INFO] ApiDbMcu:505 - Load IP Config File for USBPD
2022-12-09 14:25:33,433 [INFO] ApiDbMcu:505 - Load IP Config File for USB_Device
2022-12-09 14:25:37,207 [INFO] ProjectBuilder:4285 - Time for Generating toolchain IDE Files: 4328mS.
2022-12-09 14:25:37,207 [INFO] ProjectBuilder:2790 - Time for Copy CMSIS : 0mS.
2022-12-09 14:25:37,216 [INFO] ProjectBuilder:2790 - Time for Copy CMSIS : 0mS.
2022-12-09 14:25:38,000 [INFO] McuFinderGlobals:57 - Set McuFinderConnectedMode to true
2022-12-09 14:25:38,008 [INFO] ApiDb:443 - Save user favorites file C:\Users\erwan/.stm32cubeide/favorites.mcus.txt: 0 item(s)
2022-12-09 14:25:38,008 [INFO] ApiDb:447 - User favorites MCUs=[]
2022-12-09 14:25:38,010 [INFO] ApiDb:443 - Save user favorites file C:\Users\erwan/.stm32cubeide/favorites.boards.txt: 1 item(s)
2022-12-09 14:25:38,010 [INFO] ApiDb:447 - User favorites Boards=[NUCLEO-G431RB]
